[0.665s] DEBUG:colcon:Command line arguments: ['/usr/bin/colcon', 'build']
[0.665s] DEBUG:colcon:Parsed command line arguments: Namespace(log_base=None, log_level=None, verb_name='build', build_base='build', install_base='install', merge_install=False, symlink_install=False, test_result_base=None, continue_on_error=False, executor='parallel', parallel_workers=16, event_handlers=None, ignore_user_meta=False, metas=['./colcon.meta'], base_paths=['.'], packages_ignore=None, packages_ignore_regex=None, paths=None, packages_up_to=None, packages_up_to_regex=None, packages_above=None, packages_above_and_dependencies=None, packages_above_depth=None, packages_select_by_dep=None, packages_skip_by_dep=None, packages_skip_up_to=None, packages_select_build_failed=False, packages_skip_build_finished=False, packages_select_test_failures=False, packages_skip_test_passed=False, packages_select=None, packages_skip=None, packages_select_regex=None, packages_skip_regex=None, packages_start=None, packages_end=None, allow_overriding=[], cmake_args=None, cmake_target=None, cmake_target_skip_unavailable=False, cmake_clean_cache=False, cmake_clean_first=False, cmake_force_configure=False, ament_cmake_args=None, catkin_cmake_args=None, catkin_skip_building_tests=False, verb_parser=<colcon_defaults.argument_parser.defaults.DefaultArgumentsDecorator object at 0x72613b783710>, verb_extension=<colcon_core.verb.build.BuildVerb object at 0x72613b74cec0>, main=<bound method BuildVerb.main of <colcon_core.verb.build.BuildVerb object at 0x72613b74cec0>>)
[0.823s] Level 1:colcon.colcon_core.package_discovery:discover_packages(colcon_meta) check parameters
[0.823s] Level 1:colcon.colcon_core.package_discovery:discover_packages(recursive) check parameters
[0.824s] Level 1:colcon.colcon_core.package_discovery:discover_packages(ignore) check parameters
[0.824s] Level 1:colcon.colcon_core.package_discovery:discover_packages(path) check parameters
[0.824s] Level 1:colcon.colcon_core.package_discovery:discover_packages(colcon_meta) discover
[0.824s] Level 1:colcon.colcon_core.package_discovery:discover_packages(recursive) discover
[0.824s] INFO:colcon.colcon_core.package_discovery:Crawling recursively for packages in '/home/lillehavard/Desktop/pca9685_ros2_control'
[0.824s] Level 1:colcon.colcon_core.package_identification:_identify(.) by extensions ['ignore', 'ignore_ament_install']
[0.825s] Level 1:colcon.colcon_core.package_identification:_identify(.) by extension 'ignore'
[0.825s] Level 1:colcon.colcon_core.package_identification:_identify(.) by extension 'ignore_ament_install'
[0.825s] Level 1:colcon.colcon_core.package_identification:_identify(.) by extensions ['colcon_pkg']
[0.825s] Level 1:colcon.colcon_core.package_identification:_identify(.) by extension 'colcon_pkg'
[0.826s] Level 1:colcon.colcon_core.package_identification:_identify(.) by extensions ['colcon_meta']
[0.826s] Level 1:colcon.colcon_core.package_identification:_identify(.) by extension 'colcon_meta'
[0.826s] Level 1:colcon.colcon_core.package_identification:_identify(.) by extensions ['ros']
[0.826s] Level 1:colcon.colcon_core.package_identification:_identify(.) by extension 'ros'
[0.910s] Level 1:colcon.colcon_core.package_identification:_identify(.) by extensions ['cmake', 'python']
[0.910s] Level 1:colcon.colcon_core.package_identification:_identify(.) by extension 'cmake'
[0.910s] Level 1:colcon.colcon_core.package_identification:_identify(.) by extension 'python'
[0.910s] Level 1:colcon.colcon_core.package_identification:_identify(.) by extensions ['python_setup_py']
[0.910s] Level 1:colcon.colcon_core.package_identification:_identify(.) by extension 'python_setup_py'
[0.911s] Level 1:colcon.colcon_core.package_identification:_identify(build) by extensions ['ignore', 'ignore_ament_install']
[0.911s] Level 1:colcon.colcon_core.package_identification:_identify(build) by extension 'ignore'
[0.911s] Level 1:colcon.colcon_core.package_identification:_identify(build) ignored
[0.912s] Level 1:colcon.colcon_core.package_identification:_identify(install) by extensions ['ignore', 'ignore_ament_install']
[0.912s] Level 1:colcon.colcon_core.package_identification:_identify(install) by extension 'ignore'
[0.912s] Level 1:colcon.colcon_core.package_identification:_identify(install) ignored
[0.912s] Level 1:colcon.colcon_core.package_identification:_identify(log) by extensions ['ignore', 'ignore_ament_install']
[0.913s] Level 1:colcon.colcon_core.package_identification:_identify(log) by extension 'ignore'
[0.913s] Level 1:colcon.colcon_core.package_identification:_identify(log) ignored
[0.913s] Level 1:colcon.colcon_core.package_identification:_identify(pca9685_hardware_interface) by extensions ['ignore', 'ignore_ament_install']
[0.913s] Level 1:colcon.colcon_core.package_identification:_identify(pca9685_hardware_interface) by extension 'ignore'
[0.913s] Level 1:colcon.colcon_core.package_identification:_identify(pca9685_hardware_interface) by extension 'ignore_ament_install'
[0.914s] Level 1:colcon.colcon_core.package_identification:_identify(pca9685_hardware_interface) by extensions ['colcon_pkg']
[0.914s] Level 1:colcon.colcon_core.package_identification:_identify(pca9685_hardware_interface) by extension 'colcon_pkg'
[0.914s] Level 1:colcon.colcon_core.package_identification:_identify(pca9685_hardware_interface) by extensions ['colcon_meta']
[0.914s] Level 1:colcon.colcon_core.package_identification:_identify(pca9685_hardware_interface) by extension 'colcon_meta'
[0.914s] Level 1:colcon.colcon_core.package_identification:_identify(pca9685_hardware_interface) by extensions ['ros']
[0.914s] Level 1:colcon.colcon_core.package_identification:_identify(pca9685_hardware_interface) by extension 'ros'
[0.922s] DEBUG:colcon.colcon_core.package_identification:Package 'pca9685_hardware_interface' with type 'ros.ament_cmake' and name 'pca9685_hardware_interface'
[0.922s] Level 1:colcon.colcon_core.package_discovery:discover_packages(recursive) using defaults
[0.922s] Level 1:colcon.colcon_core.package_discovery:discover_packages(ignore) discover
[0.923s] Level 1:colcon.colcon_core.package_discovery:discover_packages(ignore) using defaults
[0.923s] Level 1:colcon.colcon_core.package_discovery:discover_packages(path) discover
[0.923s] Level 1:colcon.colcon_core.package_discovery:discover_packages(path) using defaults
[0.992s] Level 1:colcon.colcon_core.package_discovery:discover_packages(prefix_path) check parameters
[0.992s] Level 1:colcon.colcon_core.package_discovery:discover_packages(prefix_path) discover
[1.008s] DEBUG:colcon.colcon_installed_package_information.package_discovery:Found 429 installed packages in /opt/ros/jazzy
[1.013s] Level 1:colcon.colcon_core.package_discovery:discover_packages(prefix_path) using defaults
[1.287s] Level 5:colcon.colcon_core.verb:set package 'pca9685_hardware_interface' build argument 'cmake_args' from command line to 'None'
[1.287s] Level 5:colcon.colcon_core.verb:set package 'pca9685_hardware_interface' build argument 'cmake_target' from command line to 'None'
[1.288s] Level 5:colcon.colcon_core.verb:set package 'pca9685_hardware_interface' build argument 'cmake_target_skip_unavailable' from command line to 'False'
[1.288s] Level 5:colcon.colcon_core.verb:set package 'pca9685_hardware_interface' build argument 'cmake_clean_cache' from command line to 'False'
[1.288s] Level 5:colcon.colcon_core.verb:set package 'pca9685_hardware_interface' build argument 'cmake_clean_first' from command line to 'False'
[1.288s] Level 5:colcon.colcon_core.verb:set package 'pca9685_hardware_interface' build argument 'cmake_force_configure' from command line to 'False'
[1.288s] Level 5:colcon.colcon_core.verb:set package 'pca9685_hardware_interface' build argument 'ament_cmake_args' from command line to 'None'
[1.288s] Level 5:colcon.colcon_core.verb:set package 'pca9685_hardware_interface' build argument 'catkin_cmake_args' from command line to 'None'
[1.288s] Level 5:colcon.colcon_core.verb:set package 'pca9685_hardware_interface' build argument 'catkin_skip_building_tests' from command line to 'False'
[1.288s] DEBUG:colcon.colcon_core.verb:Building package 'pca9685_hardware_interface' with the following arguments: {'ament_cmake_args': None, 'build_base': '/home/lillehavard/Desktop/pca9685_ros2_control/build/pca9685_hardware_interface', 'catkin_cmake_args': None, 'catkin_skip_building_tests': False, 'cmake_args': None, 'cmake_clean_cache': False, 'cmake_clean_first': False, 'cmake_force_configure': False, 'cmake_target': None, 'cmake_target_skip_unavailable': False, 'install_base': '/home/lillehavard/Desktop/pca9685_ros2_control/install/pca9685_hardware_interface', 'merge_install': False, 'path': '/home/lillehavard/Desktop/pca9685_ros2_control/pca9685_hardware_interface', 'symlink_install': False, 'test_result_base': None}
[1.288s] INFO:colcon.colcon_core.executor:Executing jobs using 'parallel' executor
[1.290s] DEBUG:colcon.colcon_parallel_executor.executor.parallel:run_until_complete
[1.290s] INFO:colcon.colcon_ros.task.ament_cmake.build:Building ROS package in '/home/lillehavard/Desktop/pca9685_ros2_control/pca9685_hardware_interface' with build type 'ament_cmake'
[1.290s] INFO:colcon.colcon_cmake.task.cmake.build:Building CMake package in '/home/lillehavard/Desktop/pca9685_ros2_control/pca9685_hardware_interface'
[1.301s] INFO:colcon.colcon_core.plugin_system:Skipping extension 'colcon_core.shell.bat': Not used on non-Windows systems
[1.301s] INFO:colcon.colcon_core.shell:Skip shell extension 'powershell' for command environment: Not usable outside of PowerShell
[1.301s] DEBUG:colcon.colcon_core.shell:Skip shell extension 'dsv' for command environment
[1.324s] DEBUG:colcon.colcon_core.event_handler.log_command:Invoking command in '/home/lillehavard/Desktop/pca9685_ros2_control/build/pca9685_hardware_interface': CMAKE_PREFIX_PATH=${CMAKE_PREFIX_PATH}:/opt/ros/jazzy /usr/bin/cmake --build /home/lillehavard/Desktop/pca9685_ros2_control/build/pca9685_hardware_interface -- -j16 -l16
[9.918s] DEBUG:colcon.colcon_core.event_handler.log_command:Invoked command in '/home/lillehavard/Desktop/pca9685_ros2_control/build/pca9685_hardware_interface' returned '0': CMAKE_PREFIX_PATH=${CMAKE_PREFIX_PATH}:/opt/ros/jazzy /usr/bin/cmake --build /home/lillehavard/Desktop/pca9685_ros2_control/build/pca9685_hardware_interface -- -j16 -l16
[9.936s] DEBUG:colcon.colcon_core.event_handler.log_command:Invoking command in '/home/lillehavard/Desktop/pca9685_ros2_control/build/pca9685_hardware_interface': CMAKE_PREFIX_PATH=${CMAKE_PREFIX_PATH}:/opt/ros/jazzy /usr/bin/cmake --install /home/lillehavard/Desktop/pca9685_ros2_control/build/pca9685_hardware_interface
[9.958s] Level 1:colcon.colcon_core.environment:create_environment_scripts_only(pca9685_hardware_interface)
[9.959s] DEBUG:colcon.colcon_core.event_handler.log_command:Invoked command in '/home/lillehavard/Desktop/pca9685_ros2_control/build/pca9685_hardware_interface' returned '0': CMAKE_PREFIX_PATH=${CMAKE_PREFIX_PATH}:/opt/ros/jazzy /usr/bin/cmake --install /home/lillehavard/Desktop/pca9685_ros2_control/build/pca9685_hardware_interface
[9.965s] Level 1:colcon.colcon_core.environment:checking '/home/lillehavard/Desktop/pca9685_ros2_control/install/pca9685_hardware_interface' for CMake module files
[9.966s] Level 1:colcon.colcon_core.environment:checking '/home/lillehavard/Desktop/pca9685_ros2_control/install/pca9685_hardware_interface' for CMake config files
[9.966s] Level 1:colcon.colcon_core.shell:create_environment_hook('pca9685_hardware_interface', 'cmake_prefix_path')
[9.967s] INFO:colcon.colcon_core.shell:Creating environment hook '/home/lillehavard/Desktop/pca9685_ros2_control/install/pca9685_hardware_interface/share/pca9685_hardware_interface/hook/cmake_prefix_path.ps1'
[9.969s] INFO:colcon.colcon_core.shell:Creating environment descriptor '/home/lillehavard/Desktop/pca9685_ros2_control/install/pca9685_hardware_interface/share/pca9685_hardware_interface/hook/cmake_prefix_path.dsv'
[9.969s] INFO:colcon.colcon_core.shell:Creating environment hook '/home/lillehavard/Desktop/pca9685_ros2_control/install/pca9685_hardware_interface/share/pca9685_hardware_interface/hook/cmake_prefix_path.sh'
[9.971s] Level 1:colcon.colcon_core.environment:checking '/home/lillehavard/Desktop/pca9685_ros2_control/install/pca9685_hardware_interface/lib'
[9.971s] Level 1:colcon.colcon_core.shell:create_environment_hook('pca9685_hardware_interface', 'ld_library_path_lib')
[9.971s] INFO:colcon.colcon_core.shell:Creating environment hook '/home/lillehavard/Desktop/pca9685_ros2_control/install/pca9685_hardware_interface/share/pca9685_hardware_interface/hook/ld_library_path_lib.ps1'
[9.971s] INFO:colcon.colcon_core.shell:Creating environment descriptor '/home/lillehavard/Desktop/pca9685_ros2_control/install/pca9685_hardware_interface/share/pca9685_hardware_interface/hook/ld_library_path_lib.dsv'
[9.972s] INFO:colcon.colcon_core.shell:Creating environment hook '/home/lillehavard/Desktop/pca9685_ros2_control/install/pca9685_hardware_interface/share/pca9685_hardware_interface/hook/ld_library_path_lib.sh'
[9.972s] Level 1:colcon.colcon_core.environment:checking '/home/lillehavard/Desktop/pca9685_ros2_control/install/pca9685_hardware_interface/bin'
[9.972s] Level 1:colcon.colcon_core.environment:checking '/home/lillehavard/Desktop/pca9685_ros2_control/install/pca9685_hardware_interface/lib/pkgconfig/pca9685_hardware_interface.pc'
[9.972s] Level 1:colcon.colcon_core.environment:checking '/home/lillehavard/Desktop/pca9685_ros2_control/install/pca9685_hardware_interface/lib/python3.12/site-packages'
[9.973s] Level 1:colcon.colcon_core.environment:checking '/home/lillehavard/Desktop/pca9685_ros2_control/install/pca9685_hardware_interface/bin'
[9.973s] INFO:colcon.colcon_core.shell:Creating package script '/home/lillehavard/Desktop/pca9685_ros2_control/install/pca9685_hardware_interface/share/pca9685_hardware_interface/package.ps1'
[9.974s] INFO:colcon.colcon_core.shell:Creating package descriptor '/home/lillehavard/Desktop/pca9685_ros2_control/install/pca9685_hardware_interface/share/pca9685_hardware_interface/package.dsv'
[9.975s] INFO:colcon.colcon_core.shell:Creating package script '/home/lillehavard/Desktop/pca9685_ros2_control/install/pca9685_hardware_interface/share/pca9685_hardware_interface/package.sh'
[9.975s] INFO:colcon.colcon_core.shell:Creating package script '/home/lillehavard/Desktop/pca9685_ros2_control/install/pca9685_hardware_interface/share/pca9685_hardware_interface/package.bash'
[9.976s] INFO:colcon.colcon_core.shell:Creating package script '/home/lillehavard/Desktop/pca9685_ros2_control/install/pca9685_hardware_interface/share/pca9685_hardware_interface/package.zsh'
[9.977s] Level 1:colcon.colcon_core.environment:create_file_with_runtime_dependencies(/home/lillehavard/Desktop/pca9685_ros2_control/install/pca9685_hardware_interface/share/colcon-core/packages/pca9685_hardware_interface)
[9.978s] Level 1:colcon.colcon_core.environment:create_environment_scripts_only(pca9685_hardware_interface)
[9.978s] Level 1:colcon.colcon_core.environment:checking '/home/lillehavard/Desktop/pca9685_ros2_control/install/pca9685_hardware_interface' for CMake module files
[9.978s] Level 1:colcon.colcon_core.environment:checking '/home/lillehavard/Desktop/pca9685_ros2_control/install/pca9685_hardware_interface' for CMake config files
[9.979s] Level 1:colcon.colcon_core.shell:create_environment_hook('pca9685_hardware_interface', 'cmake_prefix_path')
[9.979s] INFO:colcon.colcon_core.shell:Creating environment hook '/home/lillehavard/Desktop/pca9685_ros2_control/install/pca9685_hardware_interface/share/pca9685_hardware_interface/hook/cmake_prefix_path.ps1'
[9.979s] INFO:colcon.colcon_core.shell:Creating environment descriptor '/home/lillehavard/Desktop/pca9685_ros2_control/install/pca9685_hardware_interface/share/pca9685_hardware_interface/hook/cmake_prefix_path.dsv'
[9.980s] INFO:colcon.colcon_core.shell:Creating environment hook '/home/lillehavard/Desktop/pca9685_ros2_control/install/pca9685_hardware_interface/share/pca9685_hardware_interface/hook/cmake_prefix_path.sh'
[9.980s] Level 1:colcon.colcon_core.environment:checking '/home/lillehavard/Desktop/pca9685_ros2_control/install/pca9685_hardware_interface/lib'
[9.980s] Level 1:colcon.colcon_core.shell:create_environment_hook('pca9685_hardware_interface', 'ld_library_path_lib')
[9.980s] INFO:colcon.colcon_core.shell:Creating environment hook '/home/lillehavard/Desktop/pca9685_ros2_control/install/pca9685_hardware_interface/share/pca9685_hardware_interface/hook/ld_library_path_lib.ps1'
[9.981s] INFO:colcon.colcon_core.shell:Creating environment descriptor '/home/lillehavard/Desktop/pca9685_ros2_control/install/pca9685_hardware_interface/share/pca9685_hardware_interface/hook/ld_library_path_lib.dsv'
[9.981s] INFO:colcon.colcon_core.shell:Creating environment hook '/home/lillehavard/Desktop/pca9685_ros2_control/install/pca9685_hardware_interface/share/pca9685_hardware_interface/hook/ld_library_path_lib.sh'
[9.981s] Level 1:colcon.colcon_core.environment:checking '/home/lillehavard/Desktop/pca9685_ros2_control/install/pca9685_hardware_interface/bin'
[9.981s] Level 1:colcon.colcon_core.environment:checking '/home/lillehavard/Desktop/pca9685_ros2_control/install/pca9685_hardware_interface/lib/pkgconfig/pca9685_hardware_interface.pc'
[9.982s] Level 1:colcon.colcon_core.environment:checking '/home/lillehavard/Desktop/pca9685_ros2_control/install/pca9685_hardware_interface/lib/python3.12/site-packages'
[9.982s] Level 1:colcon.colcon_core.environment:checking '/home/lillehavard/Desktop/pca9685_ros2_control/install/pca9685_hardware_interface/bin'
[9.982s] INFO:colcon.colcon_core.shell:Creating package script '/home/lillehavard/Desktop/pca9685_ros2_control/install/pca9685_hardware_interface/share/pca9685_hardware_interface/package.ps1'
[9.983s] INFO:colcon.colcon_core.shell:Creating package descriptor '/home/lillehavard/Desktop/pca9685_ros2_control/install/pca9685_hardware_interface/share/pca9685_hardware_interface/package.dsv'
[9.983s] INFO:colcon.colcon_core.shell:Creating package script '/home/lillehavard/Desktop/pca9685_ros2_control/install/pca9685_hardware_interface/share/pca9685_hardware_interface/package.sh'
[9.984s] INFO:colcon.colcon_core.shell:Creating package script '/home/lillehavard/Desktop/pca9685_ros2_control/install/pca9685_hardware_interface/share/pca9685_hardware_interface/package.bash'
[9.984s] INFO:colcon.colcon_core.shell:Creating package script '/home/lillehavard/Desktop/pca9685_ros2_control/install/pca9685_hardware_interface/share/pca9685_hardware_interface/package.zsh'
[9.985s] Level 1:colcon.colcon_core.environment:create_file_with_runtime_dependencies(/home/lillehavard/Desktop/pca9685_ros2_control/install/pca9685_hardware_interface/share/colcon-core/packages/pca9685_hardware_interface)
[9.985s] DEBUG:colcon.colcon_parallel_executor.executor.parallel:closing loop
[9.986s] DEBUG:colcon.colcon_parallel_executor.executor.parallel:loop closed
[9.986s] DEBUG:colcon.colcon_parallel_executor.executor.parallel:run_until_complete finished with '0'
[9.986s] DEBUG:colcon.colcon_core.event_reactor:joining thread
[9.999s] INFO:colcon.colcon_core.plugin_system:Skipping extension 'colcon_notification.desktop_notification.terminal_notifier': Not used on non-Darwin systems
[9.999s] INFO:colcon.colcon_core.plugin_system:Skipping extension 'colcon_notification.desktop_notification.win32': Not used on non-Windows systems
[9.999s] INFO:colcon.colcon_notification.desktop_notification:Sending desktop notification using 'notify2'
[10.002s] DEBUG:colcon.colcon_core.event_reactor:joined thread
[10.003s] INFO:colcon.colcon_core.shell:Creating prefix script '/home/lillehavard/Desktop/pca9685_ros2_control/install/local_setup.ps1'
[10.004s] INFO:colcon.colcon_core.shell:Creating prefix util module '/home/lillehavard/Desktop/pca9685_ros2_control/install/_local_setup_util_ps1.py'
[10.006s] INFO:colcon.colcon_core.shell:Creating prefix chain script '/home/lillehavard/Desktop/pca9685_ros2_control/install/setup.ps1'
[10.007s] INFO:colcon.colcon_core.shell:Creating prefix script '/home/lillehavard/Desktop/pca9685_ros2_control/install/local_setup.sh'
[10.008s] INFO:colcon.colcon_core.shell:Creating prefix util module '/home/lillehavard/Desktop/pca9685_ros2_control/install/_local_setup_util_sh.py'
[10.009s] INFO:colcon.colcon_core.shell:Creating prefix chain script '/home/lillehavard/Desktop/pca9685_ros2_control/install/setup.sh'
[10.010s] INFO:colcon.colcon_core.shell:Creating prefix script '/home/lillehavard/Desktop/pca9685_ros2_control/install/local_setup.bash'
[10.011s] INFO:colcon.colcon_core.shell:Creating prefix chain script '/home/lillehavard/Desktop/pca9685_ros2_control/install/setup.bash'
[10.012s] INFO:colcon.colcon_core.shell:Creating prefix script '/home/lillehavard/Desktop/pca9685_ros2_control/install/local_setup.zsh'
[10.013s] INFO:colcon.colcon_core.shell:Creating prefix chain script '/home/lillehavard/Desktop/pca9685_ros2_control/install/setup.zsh'
