[ 25%] [32mBuilding CXX object CMakeFiles/pca9685_hardware_interface.dir/src/pca9685_system.cpp.o[0m
[01m[K/home/lillehavard/Desktop/pca9685_ros2_control/pca9685_hardware_interface/src/pca9685_system.cpp:[m[K In member function ‘[01m[Kvirtual hardware_interface::CallbackReturn pca9685_hardware_interface::Pca9685SystemHardware::[01;32m[Kon_init[m[K(const hardware_interface::HardwareInfo&)[m[K’:
[01m[K/home/lillehavard/Desktop/pca9685_ros2_control/pca9685_hardware_interface/src/pca9685_system.cpp:24:49:[m[K [01;35m[Kwarning: [m[K‘[01m[Kvirtual rclcpp_lifecycle::node_interfaces::LifecycleNodeInterface::CallbackReturn hardware_interface::HardwareComponentInterface::[01;32m[Kon_init[m[K(const hardware_interface::HardwareInfo&)[m[K’ is deprecated: Use on_init(const HardwareComponentInterfaceParams & params) instead. [[01;35m[K]8;;https://gcc.gnu.org/onlinedocs/gcc/Warning-Options.html#index-Wdeprecated-declarations-Wdeprecated-declarations]8;;[m[K]
   24 |     [01;35m[Khardware_interface::SystemInterface::on_init(info)[m[K !=
      |     [01;35m[K~~~~~~~~~~~~~~~~~~~~~~~~~~~~~~~~~~~~~~~~~~~~^~~~~~[m[K
In file included from [01m[K/opt/ros/jazzy/include/hardware_interface/hardware_interface/system_interface.hpp:18[m[K,
                 from [01m[K/home/lillehavard/Desktop/pca9685_ros2_control/pca9685_hardware_interface/include/pca9685_hardware_interface/pca9685_system.hpp:12[m[K,
                 from [01m[K/home/lillehavard/Desktop/pca9685_ros2_control/pca9685_hardware_interface/src/pca9685_system.cpp:1[m[K:
[01m[K/opt/ros/jazzy/include/hardware_interface/hardware_interface/hardware_component_interface.hpp:140:26:[m[K [01;36m[Knote: [m[Kdeclared here
  140 |   virtual CallbackReturn [01;36m[Kon_init[m[K(const HardwareInfo & hardware_info);
      |                          [01;36m[K^~~~~~~[m[K
[01m[K/home/lillehavard/Desktop/pca9685_ros2_control/pca9685_hardware_interface/src/pca9685_system.cpp:[m[K In member function ‘[01m[Kvirtual hardware_interface::return_type pca9685_hardware_interface::Pca9685SystemHardware::[01;32m[Kread[m[K(const rclcpp::Time&, const rclcpp::Duration&)[m[K’:
[01m[K/home/lillehavard/Desktop/pca9685_ros2_control/pca9685_hardware_interface/src/pca9685_system.cpp:208:10:[m[K [01;35m[Kwarning: [m[Kunused variable ‘[01m[Kwheel_circumference[m[K’ [[01;35m[K]8;;https://gcc.gnu.org/onlinedocs/gcc/Warning-Options.html#index-Wunused-variable-Wunused-variable]8;;[m[K]
  208 |   double [01;35m[Kwheel_circumference[m[K = wheel_circumference_;
      |          [01;35m[K^~~~~~~~~~~~~~~~~~~[m[K
[ 50%] [32m[1mLinking CXX shared library libpca9685_hardware_interface.so[0m
[100%] Built target pca9685_hardware_interface
-- Install configuration: ""
-- Installing: /home/lillehavard/Desktop/pca9685_ros2_control/install/pca9685_hardware_interface/share/pca9685_hardware_interface/pca9685_hardware_interface.xml
-- Installing: /home/lillehavard/Desktop/pca9685_ros2_control/install/pca9685_hardware_interface/include/pca9685_hardware_interface
-- Installing: /home/lillehavard/Desktop/pca9685_ros2_control/install/pca9685_hardware_interface/include/pca9685_hardware_interface/pca9685_hardware_interface
-- Installing: /home/lillehavard/Desktop/pca9685_ros2_control/install/pca9685_hardware_interface/include/pca9685_hardware_interface/pca9685_hardware_interface/visibility_control.h
-- Installing: /home/lillehavard/Desktop/pca9685_ros2_control/install/pca9685_hardware_interface/include/pca9685_hardware_interface/pca9685_hardware_interface/Constants.h
-- Installing: /home/lillehavard/Desktop/pca9685_ros2_control/install/pca9685_hardware_interface/include/pca9685_hardware_interface/pca9685_hardware_interface/pca9685_system.hpp
-- Installing: /home/lillehavard/Desktop/pca9685_ros2_control/install/pca9685_hardware_interface/include/pca9685_hardware_interface/pca9685_hardware_interface/I2CPeripheral.h
-- Installing: /home/lillehavard/Desktop/pca9685_ros2_control/install/pca9685_hardware_interface/include/pca9685_hardware_interface/pca9685_hardware_interface/pca9685_comm.h
-- Installing: /home/lillehavard/Desktop/pca9685_ros2_control/install/pca9685_hardware_interface/lib/libpca9685_hardware_interface.so
-- Set non-toolchain portion of runtime path of "/home/lillehavard/Desktop/pca9685_ros2_control/install/pca9685_hardware_interface/lib/libpca9685_hardware_interface.so" to ""
-- Installing: /home/lillehavard/Desktop/pca9685_ros2_control/install/pca9685_hardware_interface/share/pca9685_hardware_interface/environment/library_path.sh
-- Installing: /home/lillehavard/Desktop/pca9685_ros2_control/install/pca9685_hardware_interface/share/pca9685_hardware_interface/environment/library_path.dsv
-- Installing: /home/lillehavard/Desktop/pca9685_ros2_control/install/pca9685_hardware_interface/share/ament_index/resource_index/package_run_dependencies/pca9685_hardware_interface
-- Installing: /home/lillehavard/Desktop/pca9685_ros2_control/install/pca9685_hardware_interface/share/ament_index/resource_index/parent_prefix_path/pca9685_hardware_interface
-- Installing: /home/lillehavard/Desktop/pca9685_ros2_control/install/pca9685_hardware_interface/share/pca9685_hardware_interface/environment/ament_prefix_path.sh
-- Installing: /home/lillehavard/Desktop/pca9685_ros2_control/install/pca9685_hardware_interface/share/pca9685_hardware_interface/environment/ament_prefix_path.dsv
-- Installing: /home/lillehavard/Desktop/pca9685_ros2_control/install/pca9685_hardware_interface/share/pca9685_hardware_interface/environment/path.sh
-- Installing: /home/lillehavard/Desktop/pca9685_ros2_control/install/pca9685_hardware_interface/share/pca9685_hardware_interface/environment/path.dsv
-- Installing: /home/lillehavard/Desktop/pca9685_ros2_control/install/pca9685_hardware_interface/share/pca9685_hardware_interface/local_setup.bash
-- Installing: /home/lillehavard/Desktop/pca9685_ros2_control/install/pca9685_hardware_interface/share/pca9685_hardware_interface/local_setup.sh
-- Installing: /home/lillehavard/Desktop/pca9685_ros2_control/install/pca9685_hardware_interface/share/pca9685_hardware_interface/local_setup.zsh
-- Installing: /home/lillehavard/Desktop/pca9685_ros2_control/install/pca9685_hardware_interface/share/pca9685_hardware_interface/local_setup.dsv
-- Installing: /home/lillehavard/Desktop/pca9685_ros2_control/install/pca9685_hardware_interface/share/pca9685_hardware_interface/package.dsv
-- Installing: /home/lillehavard/Desktop/pca9685_ros2_control/install/pca9685_hardware_interface/share/ament_index/resource_index/packages/pca9685_hardware_interface
-- Installing: /home/lillehavard/Desktop/pca9685_ros2_control/install/pca9685_hardware_interface/share/ament_index/resource_index/hardware_interface__pluginlib__plugin/pca9685_hardware_interface
-- Installing: /home/lillehavard/Desktop/pca9685_ros2_control/install/pca9685_hardware_interface/share/pca9685_hardware_interface/cmake/export_pca9685_hardware_interfaceExport.cmake
-- Installing: /home/lillehavard/Desktop/pca9685_ros2_control/install/pca9685_hardware_interface/share/pca9685_hardware_interface/cmake/export_pca9685_hardware_interfaceExport-noconfig.cmake
-- Installing: /home/lillehavard/Desktop/pca9685_ros2_control/install/pca9685_hardware_interface/share/pca9685_hardware_interface/cmake/ament_cmake_export_targets-extras.cmake
-- Installing: /home/lillehavard/Desktop/pca9685_ros2_control/install/pca9685_hardware_interface/share/pca9685_hardware_interface/cmake/ament_cmake_export_dependencies-extras.cmake
-- Installing: /home/lillehavard/Desktop/pca9685_ros2_control/install/pca9685_hardware_interface/share/pca9685_hardware_interface/cmake/pca9685_hardware_interfaceConfig.cmake
-- Installing: /home/lillehavard/Desktop/pca9685_ros2_control/install/pca9685_hardware_interface/share/pca9685_hardware_interface/cmake/pca9685_hardware_interfaceConfig-version.cmake
-- Installing: /home/lillehavard/Desktop/pca9685_ros2_control/install/pca9685_hardware_interface/share/pca9685_hardware_interface/package.xml
