[0.032s] Invoking command in '/home/lillehavard/Desktop/pca9685_ros2_control/build/pca9685_hardware_interface': CMAKE_PREFIX_PATH=${CMAKE_PREFIX_PATH}:/opt/ros/jazzy /usr/bin/cmake --build /home/lillehavard/Desktop/pca9685_ros2_control/build/pca9685_hardware_interface -- -j16 -l16
[0.237s] [ 25%] [32mBuilding CXX object CMakeFiles/pca9685_hardware_interface.dir/src/pca9685_system.cpp.o[0m
[6.259s] [01m[K/home/lillehavard/Desktop/pca9685_ros2_control/pca9685_hardware_interface/src/pca9685_system.cpp:[m[K In member function ‘[01m[Kvirtual hardware_interface::CallbackReturn pca9685_hardware_interface::Pca9685SystemHardware::[01;32m[Kon_init[m[K(const hardware_interface::HardwareInfo&)[m[K’:
[6.260s] [01m[K/home/lillehavard/Desktop/pca9685_ros2_control/pca9685_hardware_interface/src/pca9685_system.cpp:24:49:[m[K [01;35m[Kwarning: [m[K‘[01m[Kvirtual rclcpp_lifecycle::node_interfaces::LifecycleNodeInterface::CallbackReturn hardware_interface::HardwareComponentInterface::[01;32m[Kon_init[m[K(const hardware_interface::HardwareInfo&)[m[K’ is deprecated: Use on_init(const HardwareComponentInterfaceParams & params) instead. [[01;35m[K]8;;https://gcc.gnu.org/onlinedocs/gcc/Warning-Options.html#index-Wdeprecated-declarations-Wdeprecated-declarations]8;;[m[K]
[6.260s]    24 |     [01;35m[Khardware_interface::SystemInterface::on_init(info)[m[K !=
[6.260s]       |     [01;35m[K~~~~~~~~~~~~~~~~~~~~~~~~~~~~~~~~~~~~~~~~~~~~^~~~~~[m[K
[6.260s] In file included from [01m[K/opt/ros/jazzy/include/hardware_interface/hardware_interface/system_interface.hpp:18[m[K,
[6.260s]                  from [01m[K/home/lillehavard/Desktop/pca9685_ros2_control/pca9685_hardware_interface/include/pca9685_hardware_interface/pca9685_system.hpp:12[m[K,
[6.260s]                  from [01m[K/home/lillehavard/Desktop/pca9685_ros2_control/pca9685_hardware_interface/src/pca9685_system.cpp:1[m[K:
[6.261s] [01m[K/opt/ros/jazzy/include/hardware_interface/hardware_interface/hardware_component_interface.hpp:140:26:[m[K [01;36m[Knote: [m[Kdeclared here
[6.261s]   140 |   virtual CallbackReturn [01;36m[Kon_init[m[K(const HardwareInfo & hardware_info);
[6.261s]       |                          [01;36m[K^~~~~~~[m[K
[6.321s] [01m[K/home/lillehavard/Desktop/pca9685_ros2_control/pca9685_hardware_interface/src/pca9685_system.cpp:[m[K In member function ‘[01m[Kvirtual hardware_interface::return_type pca9685_hardware_interface::Pca9685SystemHardware::[01;32m[Kread[m[K(const rclcpp::Time&, const rclcpp::Duration&)[m[K’:
[6.322s] [01m[K/home/lillehavard/Desktop/pca9685_ros2_control/pca9685_hardware_interface/src/pca9685_system.cpp:208:10:[m[K [01;35m[Kwarning: [m[Kunused variable ‘[01m[Kwheel_circumference[m[K’ [[01;35m[K]8;;https://gcc.gnu.org/onlinedocs/gcc/Warning-Options.html#index-Wunused-variable-Wunused-variable]8;;[m[K]
[6.322s]   208 |   double [01;35m[Kwheel_circumference[m[K = wheel_circumference_;
[6.322s]       |          [01;35m[K^~~~~~~~~~~~~~~~~~~[m[K
[8.126s] [ 50%] [32m[1mLinking CXX shared library libpca9685_hardware_interface.so[0m
[8.474s] [100%] Built target pca9685_hardware_interface
[8.489s] Invoked command in '/home/lillehavard/Desktop/pca9685_ros2_control/build/pca9685_hardware_interface' returned '0': CMAKE_PREFIX_PATH=${CMAKE_PREFIX_PATH}:/opt/ros/jazzy /usr/bin/cmake --build /home/lillehavard/Desktop/pca9685_ros2_control/build/pca9685_hardware_interface -- -j16 -l16
[8.504s] Invoking command in '/home/lillehavard/Desktop/pca9685_ros2_control/build/pca9685_hardware_interface': CMAKE_PREFIX_PATH=${CMAKE_PREFIX_PATH}:/opt/ros/jazzy /usr/bin/cmake --install /home/lillehavard/Desktop/pca9685_ros2_control/build/pca9685_hardware_interface
[8.515s] -- Install configuration: ""
[8.515s] -- Installing: /home/lillehavard/Desktop/pca9685_ros2_control/install/pca9685_hardware_interface/share/pca9685_hardware_interface/pca9685_hardware_interface.xml
[8.516s] -- Installing: /home/lillehavard/Desktop/pca9685_ros2_control/install/pca9685_hardware_interface/include/pca9685_hardware_interface
[8.516s] -- Installing: /home/lillehavard/Desktop/pca9685_ros2_control/install/pca9685_hardware_interface/include/pca9685_hardware_interface/pca9685_hardware_interface
[8.516s] -- Installing: /home/lillehavard/Desktop/pca9685_ros2_control/install/pca9685_hardware_interface/include/pca9685_hardware_interface/pca9685_hardware_interface/visibility_control.h
[8.516s] -- Installing: /home/lillehavard/Desktop/pca9685_ros2_control/install/pca9685_hardware_interface/include/pca9685_hardware_interface/pca9685_hardware_interface/Constants.h
[8.516s] -- Installing: /home/lillehavard/Desktop/pca9685_ros2_control/install/pca9685_hardware_interface/include/pca9685_hardware_interface/pca9685_hardware_interface/pca9685_system.hpp
[8.517s] -- Installing: /home/lillehavard/Desktop/pca9685_ros2_control/install/pca9685_hardware_interface/include/pca9685_hardware_interface/pca9685_hardware_interface/I2CPeripheral.h
[8.517s] -- Installing: /home/lillehavard/Desktop/pca9685_ros2_control/install/pca9685_hardware_interface/include/pca9685_hardware_interface/pca9685_hardware_interface/pca9685_comm.h
[8.517s] -- Installing: /home/lillehavard/Desktop/pca9685_ros2_control/install/pca9685_hardware_interface/lib/libpca9685_hardware_interface.so
[8.518s] -- Set non-toolchain portion of runtime path of "/home/lillehavard/Desktop/pca9685_ros2_control/install/pca9685_hardware_interface/lib/libpca9685_hardware_interface.so" to ""
[8.518s] -- Installing: /home/lillehavard/Desktop/pca9685_ros2_control/install/pca9685_hardware_interface/share/pca9685_hardware_interface/environment/library_path.sh
[8.519s] -- Installing: /home/lillehavard/Desktop/pca9685_ros2_control/install/pca9685_hardware_interface/share/pca9685_hardware_interface/environment/library_path.dsv
[8.519s] -- Installing: /home/lillehavard/Desktop/pca9685_ros2_control/install/pca9685_hardware_interface/share/ament_index/resource_index/package_run_dependencies/pca9685_hardware_interface
[8.520s] -- Installing: /home/lillehavard/Desktop/pca9685_ros2_control/install/pca9685_hardware_interface/share/ament_index/resource_index/parent_prefix_path/pca9685_hardware_interface
[8.520s] -- Installing: /home/lillehavard/Desktop/pca9685_ros2_control/install/pca9685_hardware_interface/share/pca9685_hardware_interface/environment/ament_prefix_path.sh
[8.520s] -- Installing: /home/lillehavard/Desktop/pca9685_ros2_control/install/pca9685_hardware_interface/share/pca9685_hardware_interface/environment/ament_prefix_path.dsv
[8.521s] -- Installing: /home/lillehavard/Desktop/pca9685_ros2_control/install/pca9685_hardware_interface/share/pca9685_hardware_interface/environment/path.sh
[8.521s] -- Installing: /home/lillehavard/Desktop/pca9685_ros2_control/install/pca9685_hardware_interface/share/pca9685_hardware_interface/environment/path.dsv
[8.521s] -- Installing: /home/lillehavard/Desktop/pca9685_ros2_control/install/pca9685_hardware_interface/share/pca9685_hardware_interface/local_setup.bash
[8.522s] -- Installing: /home/lillehavard/Desktop/pca9685_ros2_control/install/pca9685_hardware_interface/share/pca9685_hardware_interface/local_setup.sh
[8.522s] -- Installing: /home/lillehavard/Desktop/pca9685_ros2_control/install/pca9685_hardware_interface/share/pca9685_hardware_interface/local_setup.zsh
[8.522s] -- Installing: /home/lillehavard/Desktop/pca9685_ros2_control/install/pca9685_hardware_interface/share/pca9685_hardware_interface/local_setup.dsv
[8.523s] -- Installing: /home/lillehavard/Desktop/pca9685_ros2_control/install/pca9685_hardware_interface/share/pca9685_hardware_interface/package.dsv
[8.523s] -- Installing: /home/lillehavard/Desktop/pca9685_ros2_control/install/pca9685_hardware_interface/share/ament_index/resource_index/packages/pca9685_hardware_interface
[8.524s] -- Installing: /home/lillehavard/Desktop/pca9685_ros2_control/install/pca9685_hardware_interface/share/ament_index/resource_index/hardware_interface__pluginlib__plugin/pca9685_hardware_interface
[8.524s] -- Installing: /home/lillehavard/Desktop/pca9685_ros2_control/install/pca9685_hardware_interface/share/pca9685_hardware_interface/cmake/export_pca9685_hardware_interfaceExport.cmake
[8.525s] -- Installing: /home/lillehavard/Desktop/pca9685_ros2_control/install/pca9685_hardware_interface/share/pca9685_hardware_interface/cmake/export_pca9685_hardware_interfaceExport-noconfig.cmake
[8.525s] -- Installing: /home/lillehavard/Desktop/pca9685_ros2_control/install/pca9685_hardware_interface/share/pca9685_hardware_interface/cmake/ament_cmake_export_targets-extras.cmake
[8.525s] -- Installing: /home/lillehavard/Desktop/pca9685_ros2_control/install/pca9685_hardware_interface/share/pca9685_hardware_interface/cmake/ament_cmake_export_dependencies-extras.cmake
[8.526s] -- Installing: /home/lillehavard/Desktop/pca9685_ros2_control/install/pca9685_hardware_interface/share/pca9685_hardware_interface/cmake/pca9685_hardware_interfaceConfig.cmake
[8.526s] -- Installing: /home/lillehavard/Desktop/pca9685_ros2_control/install/pca9685_hardware_interface/share/pca9685_hardware_interface/cmake/pca9685_hardware_interfaceConfig-version.cmake
[8.527s] -- Installing: /home/lillehavard/Desktop/pca9685_ros2_control/install/pca9685_hardware_interface/share/pca9685_hardware_interface/package.xml
[8.530s] Invoked command in '/home/lillehavard/Desktop/pca9685_ros2_control/build/pca9685_hardware_interface' returned '0': CMAKE_PREFIX_PATH=${CMAKE_PREFIX_PATH}:/opt/ros/jazzy /usr/bin/cmake --install /home/lillehavard/Desktop/pca9685_ros2_control/build/pca9685_hardware_interface
