[0.773s] DEBUG:colcon:Command line arguments: ['/usr/bin/colcon', 'build']
[0.773s] DEBUG:colcon:Parsed command line arguments: Namespace(log_base=None, log_level=None, verb_name='build', build_base='build', install_base='install', merge_install=False, symlink_install=False, test_result_base=None, continue_on_error=False, executor='parallel', parallel_workers=16, event_handlers=None, ignore_user_meta=False, metas=['./colcon.meta'], base_paths=['.'], packages_ignore=None, packages_ignore_regex=None, paths=None, packages_up_to=None, packages_up_to_regex=None, packages_above=None, packages_above_and_dependencies=None, packages_above_depth=None, packages_select_by_dep=None, packages_skip_by_dep=None, packages_skip_up_to=None, packages_select_build_failed=False, packages_skip_build_finished=False, packages_select_test_failures=False, packages_skip_test_passed=False, packages_select=None, packages_skip=None, packages_select_regex=None, packages_skip_regex=None, packages_start=None, packages_end=None, allow_overriding=[], cmake_args=None, cmake_target=None, cmake_target_skip_unavailable=False, cmake_clean_cache=False, cmake_clean_first=False, cmake_force_configure=False, ament_cmake_args=None, catkin_cmake_args=None, catkin_skip_building_tests=False, verb_parser=<colcon_defaults.argument_parser.defaults.DefaultArgumentsDecorator object at 0x78dab8396ed0>, verb_extension=<colcon_core.verb.build.BuildVerb object at 0x78dab8396840>, main=<bound method BuildVerb.main of <colcon_core.verb.build.BuildVerb object at 0x78dab8396840>>)
[0.917s] Level 1:colcon.colcon_core.package_discovery:discover_packages(colcon_meta) check parameters
[0.918s] Level 1:colcon.colcon_core.package_discovery:discover_packages(recursive) check parameters
[0.918s] Level 1:colcon.colcon_core.package_discovery:discover_packages(ignore) check parameters
[0.918s] Level 1:colcon.colcon_core.package_discovery:discover_packages(path) check parameters
[0.918s] Level 1:colcon.colcon_core.package_discovery:discover_packages(colcon_meta) discover
[0.918s] Level 1:colcon.colcon_core.package_discovery:discover_packages(recursive) discover
[0.918s] INFO:colcon.colcon_core.package_discovery:Crawling recursively for packages in '/home/lillehavard/Desktop/pca9685_ros2_control'
[0.918s] Level 1:colcon.colcon_core.package_identification:_identify(.) by extensions ['ignore', 'ignore_ament_install']
[0.919s] Level 1:colcon.colcon_core.package_identification:_identify(.) by extension 'ignore'
[0.919s] Level 1:colcon.colcon_core.package_identification:_identify(.) by extension 'ignore_ament_install'
[0.919s] Level 1:colcon.colcon_core.package_identification:_identify(.) by extensions ['colcon_pkg']
[0.919s] Level 1:colcon.colcon_core.package_identification:_identify(.) by extension 'colcon_pkg'
[0.919s] Level 1:colcon.colcon_core.package_identification:_identify(.) by extensions ['colcon_meta']
[0.920s] Level 1:colcon.colcon_core.package_identification:_identify(.) by extension 'colcon_meta'
[0.920s] Level 1:colcon.colcon_core.package_identification:_identify(.) by extensions ['ros']
[0.920s] Level 1:colcon.colcon_core.package_identification:_identify(.) by extension 'ros'
[1.003s] Level 1:colcon.colcon_core.package_identification:_identify(.) by extensions ['cmake', 'python']
[1.003s] Level 1:colcon.colcon_core.package_identification:_identify(.) by extension 'cmake'
[1.004s] Level 1:colcon.colcon_core.package_identification:_identify(.) by extension 'python'
[1.004s] Level 1:colcon.colcon_core.package_identification:_identify(.) by extensions ['python_setup_py']
[1.004s] Level 1:colcon.colcon_core.package_identification:_identify(.) by extension 'python_setup_py'
[1.004s] Level 1:colcon.colcon_core.package_identification:_identify(build) by extensions ['ignore', 'ignore_ament_install']
[1.005s] Level 1:colcon.colcon_core.package_identification:_identify(build) by extension 'ignore'
[1.005s] Level 1:colcon.colcon_core.package_identification:_identify(build) ignored
[1.005s] Level 1:colcon.colcon_core.package_identification:_identify(install) by extensions ['ignore', 'ignore_ament_install']
[1.006s] Level 1:colcon.colcon_core.package_identification:_identify(install) by extension 'ignore'
[1.006s] Level 1:colcon.colcon_core.package_identification:_identify(install) ignored
[1.006s] Level 1:colcon.colcon_core.package_identification:_identify(log) by extensions ['ignore', 'ignore_ament_install']
[1.007s] Level 1:colcon.colcon_core.package_identification:_identify(log) by extension 'ignore'
[1.007s] Level 1:colcon.colcon_core.package_identification:_identify(log) ignored
[1.007s] Level 1:colcon.colcon_core.package_identification:_identify(pca9685_hardware_interface) by extensions ['ignore', 'ignore_ament_install']
[1.007s] Level 1:colcon.colcon_core.package_identification:_identify(pca9685_hardware_interface) by extension 'ignore'
[1.008s] Level 1:colcon.colcon_core.package_identification:_identify(pca9685_hardware_interface) by extension 'ignore_ament_install'
[1.008s] Level 1:colcon.colcon_core.package_identification:_identify(pca9685_hardware_interface) by extensions ['colcon_pkg']
[1.008s] Level 1:colcon.colcon_core.package_identification:_identify(pca9685_hardware_interface) by extension 'colcon_pkg'
[1.008s] Level 1:colcon.colcon_core.package_identification:_identify(pca9685_hardware_interface) by extensions ['colcon_meta']
[1.008s] Level 1:colcon.colcon_core.package_identification:_identify(pca9685_hardware_interface) by extension 'colcon_meta'
[1.008s] Level 1:colcon.colcon_core.package_identification:_identify(pca9685_hardware_interface) by extensions ['ros']
[1.008s] Level 1:colcon.colcon_core.package_identification:_identify(pca9685_hardware_interface) by extension 'ros'
[1.016s] DEBUG:colcon.colcon_core.package_identification:Package 'pca9685_hardware_interface' with type 'ros.ament_cmake' and name 'pca9685_hardware_interface'
[1.016s] Level 1:colcon.colcon_core.package_discovery:discover_packages(recursive) using defaults
[1.016s] Level 1:colcon.colcon_core.package_discovery:discover_packages(ignore) discover
[1.016s] Level 1:colcon.colcon_core.package_discovery:discover_packages(ignore) using defaults
[1.016s] Level 1:colcon.colcon_core.package_discovery:discover_packages(path) discover
[1.016s] Level 1:colcon.colcon_core.package_discovery:discover_packages(path) using defaults
[1.075s] Level 1:colcon.colcon_core.package_discovery:discover_packages(prefix_path) check parameters
[1.075s] Level 1:colcon.colcon_core.package_discovery:discover_packages(prefix_path) discover
[1.091s] DEBUG:colcon.colcon_installed_package_information.package_discovery:Found 429 installed packages in /opt/ros/jazzy
[1.095s] Level 1:colcon.colcon_core.package_discovery:discover_packages(prefix_path) using defaults
[1.366s] Level 5:colcon.colcon_core.verb:set package 'pca9685_hardware_interface' build argument 'cmake_args' from command line to 'None'
[1.366s] Level 5:colcon.colcon_core.verb:set package 'pca9685_hardware_interface' build argument 'cmake_target' from command line to 'None'
[1.366s] Level 5:colcon.colcon_core.verb:set package 'pca9685_hardware_interface' build argument 'cmake_target_skip_unavailable' from command line to 'False'
[1.366s] Level 5:colcon.colcon_core.verb:set package 'pca9685_hardware_interface' build argument 'cmake_clean_cache' from command line to 'False'
[1.366s] Level 5:colcon.colcon_core.verb:set package 'pca9685_hardware_interface' build argument 'cmake_clean_first' from command line to 'False'
[1.367s] Level 5:colcon.colcon_core.verb:set package 'pca9685_hardware_interface' build argument 'cmake_force_configure' from command line to 'False'
[1.367s] Level 5:colcon.colcon_core.verb:set package 'pca9685_hardware_interface' build argument 'ament_cmake_args' from command line to 'None'
[1.367s] Level 5:colcon.colcon_core.verb:set package 'pca9685_hardware_interface' build argument 'catkin_cmake_args' from command line to 'None'
[1.367s] Level 5:colcon.colcon_core.verb:set package 'pca9685_hardware_interface' build argument 'catkin_skip_building_tests' from command line to 'False'
[1.367s] DEBUG:colcon.colcon_core.verb:Building package 'pca9685_hardware_interface' with the following arguments: {'ament_cmake_args': None, 'build_base': '/home/lillehavard/Desktop/pca9685_ros2_control/build/pca9685_hardware_interface', 'catkin_cmake_args': None, 'catkin_skip_building_tests': False, 'cmake_args': None, 'cmake_clean_cache': False, 'cmake_clean_first': False, 'cmake_force_configure': False, 'cmake_target': None, 'cmake_target_skip_unavailable': False, 'install_base': '/home/lillehavard/Desktop/pca9685_ros2_control/install/pca9685_hardware_interface', 'merge_install': False, 'path': '/home/lillehavard/Desktop/pca9685_ros2_control/pca9685_hardware_interface', 'symlink_install': False, 'test_result_base': None}
[1.367s] INFO:colcon.colcon_core.executor:Executing jobs using 'parallel' executor
[1.369s] DEBUG:colcon.colcon_parallel_executor.executor.parallel:run_until_complete
[1.370s] INFO:colcon.colcon_ros.task.ament_cmake.build:Building ROS package in '/home/lillehavard/Desktop/pca9685_ros2_control/pca9685_hardware_interface' with build type 'ament_cmake'
[1.370s] INFO:colcon.colcon_cmake.task.cmake.build:Building CMake package in '/home/lillehavard/Desktop/pca9685_ros2_control/pca9685_hardware_interface'
[1.379s] INFO:colcon.colcon_core.plugin_system:Skipping extension 'colcon_core.shell.bat': Not used on non-Windows systems
[1.380s] INFO:colcon.colcon_core.shell:Skip shell extension 'powershell' for command environment: Not usable outside of PowerShell
[1.380s] DEBUG:colcon.colcon_core.shell:Skip shell extension 'dsv' for command environment
[1.406s] DEBUG:colcon.colcon_core.event_handler.log_command:Invoking command in '/home/lillehavard/Desktop/pca9685_ros2_control/build/pca9685_hardware_interface': CMAKE_PREFIX_PATH=${CMAKE_PREFIX_PATH}:/opt/ros/jazzy /usr/bin/cmake --build /home/lillehavard/Desktop/pca9685_ros2_control/build/pca9685_hardware_interface -- -j16 -l16
[4.982s] DEBUG:colcon.colcon_core.event_handler.log_command:Invoked command in '/home/lillehavard/Desktop/pca9685_ros2_control/build/pca9685_hardware_interface' returned '0': CMAKE_PREFIX_PATH=${CMAKE_PREFIX_PATH}:/opt/ros/jazzy /usr/bin/cmake --build /home/lillehavard/Desktop/pca9685_ros2_control/build/pca9685_hardware_interface -- -j16 -l16
[5.011s] DEBUG:colcon.colcon_core.event_handler.log_command:Invoking command in '/home/lillehavard/Desktop/pca9685_ros2_control/build/pca9685_hardware_interface': CMAKE_PREFIX_PATH=${CMAKE_PREFIX_PATH}:/opt/ros/jazzy /usr/bin/cmake --install /home/lillehavard/Desktop/pca9685_ros2_control/build/pca9685_hardware_interface
[5.049s] Level 1:colcon.colcon_core.environment:create_environment_scripts_only(pca9685_hardware_interface)
[5.050s] DEBUG:colcon.colcon_core.event_handler.log_command:Invoked command in '/home/lillehavard/Desktop/pca9685_ros2_control/build/pca9685_hardware_interface' returned '0': CMAKE_PREFIX_PATH=${CMAKE_PREFIX_PATH}:/opt/ros/jazzy /usr/bin/cmake --install /home/lillehavard/Desktop/pca9685_ros2_control/build/pca9685_hardware_interface
[5.060s] Level 1:colcon.colcon_core.environment:checking '/home/lillehavard/Desktop/pca9685_ros2_control/install/pca9685_hardware_interface' for CMake module files
[5.061s] Level 1:colcon.colcon_core.environment:checking '/home/lillehavard/Desktop/pca9685_ros2_control/install/pca9685_hardware_interface' for CMake config files
[5.062s] Level 1:colcon.colcon_core.shell:create_environment_hook('pca9685_hardware_interface', 'cmake_prefix_path')
[5.063s] INFO:colcon.colcon_core.shell:Creating environment hook '/home/lillehavard/Desktop/pca9685_ros2_control/install/pca9685_hardware_interface/share/pca9685_hardware_interface/hook/cmake_prefix_path.ps1'
[5.065s] INFO:colcon.colcon_core.shell:Creating environment descriptor '/home/lillehavard/Desktop/pca9685_ros2_control/install/pca9685_hardware_interface/share/pca9685_hardware_interface/hook/cmake_prefix_path.dsv'
[5.066s] INFO:colcon.colcon_core.shell:Creating environment hook '/home/lillehavard/Desktop/pca9685_ros2_control/install/pca9685_hardware_interface/share/pca9685_hardware_interface/hook/cmake_prefix_path.sh'
[5.068s] Level 1:colcon.colcon_core.environment:checking '/home/lillehavard/Desktop/pca9685_ros2_control/install/pca9685_hardware_interface/lib'
[5.069s] Level 1:colcon.colcon_core.shell:create_environment_hook('pca9685_hardware_interface', 'ld_library_path_lib')
[5.069s] INFO:colcon.colcon_core.shell:Creating environment hook '/home/lillehavard/Desktop/pca9685_ros2_control/install/pca9685_hardware_interface/share/pca9685_hardware_interface/hook/ld_library_path_lib.ps1'
[5.070s] INFO:colcon.colcon_core.shell:Creating environment descriptor '/home/lillehavard/Desktop/pca9685_ros2_control/install/pca9685_hardware_interface/share/pca9685_hardware_interface/hook/ld_library_path_lib.dsv'
[5.071s] INFO:colcon.colcon_core.shell:Creating environment hook '/home/lillehavard/Desktop/pca9685_ros2_control/install/pca9685_hardware_interface/share/pca9685_hardware_interface/hook/ld_library_path_lib.sh'
[5.072s] Level 1:colcon.colcon_core.environment:checking '/home/lillehavard/Desktop/pca9685_ros2_control/install/pca9685_hardware_interface/bin'
[5.072s] Level 1:colcon.colcon_core.environment:checking '/home/lillehavard/Desktop/pca9685_ros2_control/install/pca9685_hardware_interface/lib/pkgconfig/pca9685_hardware_interface.pc'
[5.073s] Level 1:colcon.colcon_core.environment:checking '/home/lillehavard/Desktop/pca9685_ros2_control/install/pca9685_hardware_interface/lib/python3.12/site-packages'
[5.074s] Level 1:colcon.colcon_core.environment:checking '/home/lillehavard/Desktop/pca9685_ros2_control/install/pca9685_hardware_interface/bin'
[5.074s] INFO:colcon.colcon_core.shell:Creating package script '/home/lillehavard/Desktop/pca9685_ros2_control/install/pca9685_hardware_interface/share/pca9685_hardware_interface/package.ps1'
[5.077s] INFO:colcon.colcon_core.shell:Creating package descriptor '/home/lillehavard/Desktop/pca9685_ros2_control/install/pca9685_hardware_interface/share/pca9685_hardware_interface/package.dsv'
[5.078s] INFO:colcon.colcon_core.shell:Creating package script '/home/lillehavard/Desktop/pca9685_ros2_control/install/pca9685_hardware_interface/share/pca9685_hardware_interface/package.sh'
[5.080s] INFO:colcon.colcon_core.shell:Creating package script '/home/lillehavard/Desktop/pca9685_ros2_control/install/pca9685_hardware_interface/share/pca9685_hardware_interface/package.bash'
[5.082s] INFO:colcon.colcon_core.shell:Creating package script '/home/lillehavard/Desktop/pca9685_ros2_control/install/pca9685_hardware_interface/share/pca9685_hardware_interface/package.zsh'
[5.084s] Level 1:colcon.colcon_core.environment:create_file_with_runtime_dependencies(/home/lillehavard/Desktop/pca9685_ros2_control/install/pca9685_hardware_interface/share/colcon-core/packages/pca9685_hardware_interface)
[5.085s] Level 1:colcon.colcon_core.environment:create_environment_scripts_only(pca9685_hardware_interface)
[5.086s] Level 1:colcon.colcon_core.environment:checking '/home/lillehavard/Desktop/pca9685_ros2_control/install/pca9685_hardware_interface' for CMake module files
[5.087s] Level 1:colcon.colcon_core.environment:checking '/home/lillehavard/Desktop/pca9685_ros2_control/install/pca9685_hardware_interface' for CMake config files
[5.088s] Level 1:colcon.colcon_core.shell:create_environment_hook('pca9685_hardware_interface', 'cmake_prefix_path')
[5.088s] INFO:colcon.colcon_core.shell:Creating environment hook '/home/lillehavard/Desktop/pca9685_ros2_control/install/pca9685_hardware_interface/share/pca9685_hardware_interface/hook/cmake_prefix_path.ps1'
[5.089s] INFO:colcon.colcon_core.shell:Creating environment descriptor '/home/lillehavard/Desktop/pca9685_ros2_control/install/pca9685_hardware_interface/share/pca9685_hardware_interface/hook/cmake_prefix_path.dsv'
[5.090s] INFO:colcon.colcon_core.shell:Creating environment hook '/home/lillehavard/Desktop/pca9685_ros2_control/install/pca9685_hardware_interface/share/pca9685_hardware_interface/hook/cmake_prefix_path.sh'
[5.092s] Level 1:colcon.colcon_core.environment:checking '/home/lillehavard/Desktop/pca9685_ros2_control/install/pca9685_hardware_interface/lib'
[5.092s] Level 1:colcon.colcon_core.shell:create_environment_hook('pca9685_hardware_interface', 'ld_library_path_lib')
[5.093s] INFO:colcon.colcon_core.shell:Creating environment hook '/home/lillehavard/Desktop/pca9685_ros2_control/install/pca9685_hardware_interface/share/pca9685_hardware_interface/hook/ld_library_path_lib.ps1'
[5.094s] INFO:colcon.colcon_core.shell:Creating environment descriptor '/home/lillehavard/Desktop/pca9685_ros2_control/install/pca9685_hardware_interface/share/pca9685_hardware_interface/hook/ld_library_path_lib.dsv'
[5.094s] INFO:colcon.colcon_core.shell:Creating environment hook '/home/lillehavard/Desktop/pca9685_ros2_control/install/pca9685_hardware_interface/share/pca9685_hardware_interface/hook/ld_library_path_lib.sh'
[5.095s] Level 1:colcon.colcon_core.environment:checking '/home/lillehavard/Desktop/pca9685_ros2_control/install/pca9685_hardware_interface/bin'
[5.096s] Level 1:colcon.colcon_core.environment:checking '/home/lillehavard/Desktop/pca9685_ros2_control/install/pca9685_hardware_interface/lib/pkgconfig/pca9685_hardware_interface.pc'
[5.096s] Level 1:colcon.colcon_core.environment:checking '/home/lillehavard/Desktop/pca9685_ros2_control/install/pca9685_hardware_interface/lib/python3.12/site-packages'
[5.097s] Level 1:colcon.colcon_core.environment:checking '/home/lillehavard/Desktop/pca9685_ros2_control/install/pca9685_hardware_interface/bin'
[5.098s] INFO:colcon.colcon_core.shell:Creating package script '/home/lillehavard/Desktop/pca9685_ros2_control/install/pca9685_hardware_interface/share/pca9685_hardware_interface/package.ps1'
[5.100s] INFO:colcon.colcon_core.shell:Creating package descriptor '/home/lillehavard/Desktop/pca9685_ros2_control/install/pca9685_hardware_interface/share/pca9685_hardware_interface/package.dsv'
[5.101s] INFO:colcon.colcon_core.shell:Creating package script '/home/lillehavard/Desktop/pca9685_ros2_control/install/pca9685_hardware_interface/share/pca9685_hardware_interface/package.sh'
[5.102s] INFO:colcon.colcon_core.shell:Creating package script '/home/lillehavard/Desktop/pca9685_ros2_control/install/pca9685_hardware_interface/share/pca9685_hardware_interface/package.bash'
[5.104s] INFO:colcon.colcon_core.shell:Creating package script '/home/lillehavard/Desktop/pca9685_ros2_control/install/pca9685_hardware_interface/share/pca9685_hardware_interface/package.zsh'
[5.104s] Level 1:colcon.colcon_core.environment:create_file_with_runtime_dependencies(/home/lillehavard/Desktop/pca9685_ros2_control/install/pca9685_hardware_interface/share/colcon-core/packages/pca9685_hardware_interface)
[5.105s] DEBUG:colcon.colcon_parallel_executor.executor.parallel:closing loop
[5.106s] DEBUG:colcon.colcon_parallel_executor.executor.parallel:loop closed
[5.106s] DEBUG:colcon.colcon_parallel_executor.executor.parallel:run_until_complete finished with '0'
[5.106s] DEBUG:colcon.colcon_core.event_reactor:joining thread
[5.129s] INFO:colcon.colcon_core.plugin_system:Skipping extension 'colcon_notification.desktop_notification.terminal_notifier': Not used on non-Darwin systems
[5.130s] INFO:colcon.colcon_core.plugin_system:Skipping extension 'colcon_notification.desktop_notification.win32': Not used on non-Windows systems
[5.130s] INFO:colcon.colcon_notification.desktop_notification:Sending desktop notification using 'notify2'
[5.137s] DEBUG:colcon.colcon_core.event_reactor:joined thread
[5.137s] INFO:colcon.colcon_core.shell:Creating prefix script '/home/lillehavard/Desktop/pca9685_ros2_control/install/local_setup.ps1'
[5.139s] INFO:colcon.colcon_core.shell:Creating prefix util module '/home/lillehavard/Desktop/pca9685_ros2_control/install/_local_setup_util_ps1.py'
[5.142s] INFO:colcon.colcon_core.shell:Creating prefix chain script '/home/lillehavard/Desktop/pca9685_ros2_control/install/setup.ps1'
[5.145s] INFO:colcon.colcon_core.shell:Creating prefix script '/home/lillehavard/Desktop/pca9685_ros2_control/install/local_setup.sh'
[5.147s] INFO:colcon.colcon_core.shell:Creating prefix util module '/home/lillehavard/Desktop/pca9685_ros2_control/install/_local_setup_util_sh.py'
[5.148s] INFO:colcon.colcon_core.shell:Creating prefix chain script '/home/lillehavard/Desktop/pca9685_ros2_control/install/setup.sh'
[5.151s] INFO:colcon.colcon_core.shell:Creating prefix script '/home/lillehavard/Desktop/pca9685_ros2_control/install/local_setup.bash'
[5.152s] INFO:colcon.colcon_core.shell:Creating prefix chain script '/home/lillehavard/Desktop/pca9685_ros2_control/install/setup.bash'
[5.155s] INFO:colcon.colcon_core.shell:Creating prefix script '/home/lillehavard/Desktop/pca9685_ros2_control/install/local_setup.zsh'
[5.157s] INFO:colcon.colcon_core.shell:Creating prefix chain script '/home/lillehavard/Desktop/pca9685_ros2_control/install/setup.zsh'
