[01m[K/home/lillehavard/Desktop/pca9685_ros2_control/pca9685_hardware_interface/src/pca9685_system.cpp:[m[K In member function ‘[01m[Kvirtual hardware_interface::CallbackReturn pca9685_hardware_interface::Pca9685SystemHardware::[01;32m[Kon_init[m[K(const hardware_interface::HardwareInfo&)[m[K’:
[01m[K/home/lillehavard/Desktop/pca9685_ros2_control/pca9685_hardware_interface/src/pca9685_system.cpp:24:49:[m[K [01;35m[Kwarning: [m[K‘[01m[Kvirtual rclcpp_lifecycle::node_interfaces::LifecycleNodeInterface::CallbackReturn hardware_interface::HardwareComponentInterface::[01;32m[Kon_init[m[K(const hardware_interface::HardwareInfo&)[m[K’ is deprecated: Use on_init(const HardwareComponentInterfaceParams & params) instead. [[01;35m[K]8;;https://gcc.gnu.org/onlinedocs/gcc/Warning-Options.html#index-Wdeprecated-declarations-Wdeprecated-declarations]8;;[m[K]
   24 |     [01;35m[Khardware_interface::SystemInterface::on_init(info)[m[K !=
      |     [01;35m[K~~~~~~~~~~~~~~~~~~~~~~~~~~~~~~~~~~~~~~~~~~~~^~~~~~[m[K
In file included from [01m[K/opt/ros/jazzy/include/hardware_interface/hardware_interface/system_interface.hpp:18[m[K,
                 from [01m[K/home/lillehavard/Desktop/pca9685_ros2_control/pca9685_hardware_interface/include/pca9685_hardware_interface/pca9685_system.hpp:12[m[K,
                 from [01m[K/home/lillehavard/Desktop/pca9685_ros2_control/pca9685_hardware_interface/src/pca9685_system.cpp:1[m[K:
[01m[K/opt/ros/jazzy/include/hardware_interface/hardware_interface/hardware_component_interface.hpp:140:26:[m[K [01;36m[Knote: [m[Kdeclared here
  140 |   virtual CallbackReturn [01;36m[Kon_init[m[K(const HardwareInfo & hardware_info);
      |                          [01;36m[K^~~~~~~[m[K
[01m[K/home/lillehavard/Desktop/pca9685_ros2_control/pca9685_hardware_interface/src/pca9685_system.cpp:[m[K In member function ‘[01m[Kvirtual hardware_interface::return_type pca9685_hardware_interface::Pca9685SystemHardware::[01;32m[Kread[m[K(const rclcpp::Time&, const rclcpp::Duration&)[m[K’:
[01m[K/home/lillehavard/Desktop/pca9685_ros2_control/pca9685_hardware_interface/src/pca9685_system.cpp:208:10:[m[K [01;35m[Kwarning: [m[Kunused variable ‘[01m[Kwheel_circumference[m[K’ [[01;35m[K]8;;https://gcc.gnu.org/onlinedocs/gcc/Warning-Options.html#index-Wunused-variable-Wunused-variable]8;;[m[K]
  208 |   double [01;35m[Kwheel_circumference[m[K = wheel_circumference_;
      |          [01;35m[K^~~~~~~~~~~~~~~~~~~[m[K
[01m[K/home/lillehavard/Desktop/pca9685_ros2_control/pca9685_hardware_interface/src/pca9685_system.cpp:[m[K At global scope:
[01m[K/home/lillehavard/Desktop/pca9685_ros2_control/pca9685_hardware_interface/src/pca9685_system.cpp:313:47:[m[K [01;31m[Kerror: [m[Kdefinition of implicitly-declared ‘[01m[Kvirtual pca9685_hardware_interface::Pca9685SystemHardware::[01;32m[K~Pca9685SystemHardware[m[K()[m[K’
  313 | Pca9685SystemHardware::~Pca9685SystemHardware([01;31m[K)[m[K
      |                                               [01;31m[K^[m[K
gmake[2]: *** [CMakeFiles/pca9685_hardware_interface.dir/build.make:76: CMakeFiles/pca9685_hardware_interface.dir/src/pca9685_system.cpp.o] Error 1
gmake[1]: *** [CMakeFiles/Makefile2:137: CMakeFiles/pca9685_hardware_interface.dir/all] Error 2
gmake: *** [Makefile:146: all] Error 2
