[0.033s] Invoking command in '/home/lillehavard/Desktop/pca9685_ros2_control/build/pca9685_hardware_interface': CMAKE_PREFIX_PATH=${CMAKE_PREFIX_PATH}:/opt/ros/jazzy /usr/bin/cmake /home/lillehavard/Desktop/pca9685_ros2_control/pca9685_hardware_interface -DCMAKE_INSTALL_PREFIX=/home/lillehavard/Desktop/pca9685_ros2_control/install/pca9685_hardware_interface
[0.452s] -- The CXX compiler identification is GNU 13.3.0
[0.510s] -- Detecting CXX compiler ABI info
[0.822s] -- Detecting CXX compiler ABI info - done
[0.846s] -- Check for working CXX compiler: /usr/bin/c++ - skipped
[0.847s] -- Detecting CXX compile features
[0.848s] -- Detecting CXX compile features - done
[0.888s] -- Found ament_cmake: 2.5.6 (/opt/ros/jazzy/share/ament_cmake/cmake)
[1.319s] -- Found Python3: /usr/bin/python3 (found version "3.12.3") found components: Interpreter 
[1.713s] -- Found hardware_interface: 4.44.0 (/opt/ros/jazzy/share/hardware_interface/cmake)
[1.953s] -- Found rosidl_generator_c: 4.6.7 (/opt/ros/jazzy/share/rosidl_generator_c/cmake)
[2.015s] -- Found rosidl_generator_cpp: 4.6.7 (/opt/ros/jazzy/share/rosidl_generator_cpp/cmake)
[2.092s] -- Using all available rosidl_typesupport_c: rosidl_typesupport_fastrtps_c;rosidl_typesupport_introspection_c
[2.177s] -- Using all available rosidl_typesupport_cpp: rosidl_typesupport_fastrtps_cpp;rosidl_typesupport_introspection_cpp
[2.999s] -- Found TinyXML2 via Config file: /usr/lib/x86_64-linux-gnu/cmake/tinyxml2
[3.194s] -- Found rmw_implementation_cmake: 7.3.3 (/opt/ros/jazzy/share/rmw_implementation_cmake/cmake)
[3.212s] -- Found rmw_fastrtps_cpp: 8.4.3 (/opt/ros/jazzy/share/rmw_fastrtps_cpp/cmake)
[3.324s] -- Found TinyXML2 via Config file: /usr/lib/x86_64-linux-gnu/cmake/tinyxml2
[3.522s] -- Found OpenSSL: /usr/lib/x86_64-linux-gnu/libcrypto.so (found version "3.0.13")  
[3.533s] -- Found TinyXML2 via Config file: /usr/lib/x86_64-linux-gnu/cmake/tinyxml2
[3.588s] -- Found FastRTPS: /opt/ros/jazzy/include (Required is at least version "2.13") 
[3.597s] -- Found TinyXML2 via Config file: /usr/lib/x86_64-linux-gnu/cmake/tinyxml2
[3.623s] -- Found TinyXML2 via Config file: /usr/lib/x86_64-linux-gnu/cmake/tinyxml2
[3.655s] -- Using RMW implementation 'rmw_fastrtps_cpp' as default
[4.892s] -- Configuring done (4.8s)
[4.988s] -- Generating done (0.1s)
[5.003s] -- Build files have been written to: /home/lillehavard/Desktop/pca9685_ros2_control/build/pca9685_hardware_interface
[5.027s] Invoked command in '/home/lillehavard/Desktop/pca9685_ros2_control/build/pca9685_hardware_interface' returned '0': CMAKE_PREFIX_PATH=${CMAKE_PREFIX_PATH}:/opt/ros/jazzy /usr/bin/cmake /home/lillehavard/Desktop/pca9685_ros2_control/pca9685_hardware_interface -DCMAKE_INSTALL_PREFIX=/home/lillehavard/Desktop/pca9685_ros2_control/install/pca9685_hardware_interface
[5.030s] Invoking command in '/home/lillehavard/Desktop/pca9685_ros2_control/build/pca9685_hardware_interface': CMAKE_PREFIX_PATH=${CMAKE_PREFIX_PATH}:/opt/ros/jazzy /usr/bin/cmake --build /home/lillehavard/Desktop/pca9685_ros2_control/build/pca9685_hardware_interface -- -j16 -l16
[5.183s] [ 75%] [32mBuilding CXX object CMakeFiles/pca9685_hardware_interface.dir/src/I2CPeripheral.cpp.o[0m
[5.183s] [ 75%] [32mBuilding CXX object CMakeFiles/pca9685_hardware_interface.dir/src/pca9685_comm.cpp.o[0m
[5.183s] [ 75%] [32mBuilding CXX object CMakeFiles/pca9685_hardware_interface.dir/src/pca9685_system.cpp.o[0m
[8.970s] [01m[K/home/lillehavard/Desktop/pca9685_ros2_control/pca9685_hardware_interface/src/pca9685_system.cpp:[m[K In member function ‘[01m[Kvirtual hardware_interface::CallbackReturn pca9685_hardware_interface::Pca9685SystemHardware::[01;32m[Kon_init[m[K(const hardware_interface::HardwareInfo&)[m[K’:
[8.970s] [01m[K/home/lillehavard/Desktop/pca9685_ros2_control/pca9685_hardware_interface/src/pca9685_system.cpp:24:49:[m[K [01;35m[Kwarning: [m[K‘[01m[Kvirtual rclcpp_lifecycle::node_interfaces::LifecycleNodeInterface::CallbackReturn hardware_interface::HardwareComponentInterface::[01;32m[Kon_init[m[K(const hardware_interface::HardwareInfo&)[m[K’ is deprecated: Use on_init(const HardwareComponentInterfaceParams & params) instead. [[01;35m[K]8;;https://gcc.gnu.org/onlinedocs/gcc/Warning-Options.html#index-Wdeprecated-declarations-Wdeprecated-declarations]8;;[m[K]
[8.970s]    24 |     [01;35m[Khardware_interface::SystemInterface::on_init(info)[m[K !=
[8.970s]       |     [01;35m[K~~~~~~~~~~~~~~~~~~~~~~~~~~~~~~~~~~~~~~~~~~~~^~~~~~[m[K
[8.971s] In file included from [01m[K/opt/ros/jazzy/include/hardware_interface/hardware_interface/system_interface.hpp:18[m[K,
[8.971s]                  from [01m[K/home/lillehavard/Desktop/pca9685_ros2_control/pca9685_hardware_interface/include/pca9685_hardware_interface/pca9685_system.hpp:12[m[K,
[8.971s]                  from [01m[K/home/lillehavard/Desktop/pca9685_ros2_control/pca9685_hardware_interface/src/pca9685_system.cpp:1[m[K:
[8.971s] [01m[K/opt/ros/jazzy/include/hardware_interface/hardware_interface/hardware_component_interface.hpp:140:26:[m[K [01;36m[Knote: [m[Kdeclared here
[8.971s]   140 |   virtual CallbackReturn [01;36m[Kon_init[m[K(const HardwareInfo & hardware_info);
[8.971s]       |                          [01;36m[K^~~~~~~[m[K
[9.015s] [01m[K/home/lillehavard/Desktop/pca9685_ros2_control/pca9685_hardware_interface/src/pca9685_system.cpp:[m[K In member function ‘[01m[Kvirtual hardware_interface::return_type pca9685_hardware_interface::Pca9685SystemHardware::[01;32m[Kread[m[K(const rclcpp::Time&, const rclcpp::Duration&)[m[K’:
[9.016s] [01m[K/home/lillehavard/Desktop/pca9685_ros2_control/pca9685_hardware_interface/src/pca9685_system.cpp:208:10:[m[K [01;35m[Kwarning: [m[Kunused variable ‘[01m[Kwheel_circumference[m[K’ [[01;35m[K]8;;https://gcc.gnu.org/onlinedocs/gcc/Warning-Options.html#index-Wunused-variable-Wunused-variable]8;;[m[K]
[9.016s]   208 |   double [01;35m[Kwheel_circumference[m[K = wheel_circumference_;
[9.016s]       |          [01;35m[K^~~~~~~~~~~~~~~~~~~[m[K
[9.016s] [01m[K/home/lillehavard/Desktop/pca9685_ros2_control/pca9685_hardware_interface/src/pca9685_system.cpp:[m[K At global scope:
[9.017s] [01m[K/home/lillehavard/Desktop/pca9685_ros2_control/pca9685_hardware_interface/src/pca9685_system.cpp:313:47:[m[K [01;31m[Kerror: [m[Kdefinition of implicitly-declared ‘[01m[Kvirtual pca9685_hardware_interface::Pca9685SystemHardware::[01;32m[K~Pca9685SystemHardware[m[K()[m[K’
[9.017s]   313 | Pca9685SystemHardware::~Pca9685SystemHardware([01;31m[K)[m[K
[9.017s]       |                                               [01;31m[K^[m[K
[10.226s] gmake[2]: *** [CMakeFiles/pca9685_hardware_interface.dir/build.make:76: CMakeFiles/pca9685_hardware_interface.dir/src/pca9685_system.cpp.o] Error 1
[10.227s] gmake[1]: *** [CMakeFiles/Makefile2:137: CMakeFiles/pca9685_hardware_interface.dir/all] Error 2
[10.227s] gmake: *** [Makefile:146: all] Error 2
[10.230s] Invoked command in '/home/lillehavard/Desktop/pca9685_ros2_control/build/pca9685_hardware_interface' returned '2': CMAKE_PREFIX_PATH=${CMAKE_PREFIX_PATH}:/opt/ros/jazzy /usr/bin/cmake --build /home/lillehavard/Desktop/pca9685_ros2_control/build/pca9685_hardware_interface -- -j16 -l16
