[0.642s] DEBUG:colcon:Command line arguments: ['/usr/bin/colcon', 'build']
[0.642s] DEBUG:colcon:Parsed command line arguments: Namespace(log_base=None, log_level=None, verb_name='build', build_base='build', install_base='install', merge_install=False, symlink_install=False, test_result_base=None, continue_on_error=False, executor='parallel', parallel_workers=16, event_handlers=None, ignore_user_meta=False, metas=['./colcon.meta'], base_paths=['.'], packages_ignore=None, packages_ignore_regex=None, paths=None, packages_up_to=None, packages_up_to_regex=None, packages_above=None, packages_above_and_dependencies=None, packages_above_depth=None, packages_select_by_dep=None, packages_skip_by_dep=None, packages_skip_up_to=None, packages_select_build_failed=False, packages_skip_build_finished=False, packages_select_test_failures=False, packages_skip_test_passed=False, packages_select=None, packages_skip=None, packages_select_regex=None, packages_skip_regex=None, packages_start=None, packages_end=None, allow_overriding=[], cmake_args=None, cmake_target=None, cmake_target_skip_unavailable=False, cmake_clean_cache=False, cmake_clean_first=False, cmake_force_configure=False, ament_cmake_args=None, catkin_cmake_args=None, catkin_skip_building_tests=False, verb_parser=<colcon_defaults.argument_parser.defaults.DefaultArgumentsDecorator object at 0x746f99f877a0>, verb_extension=<colcon_core.verb.build.BuildVerb object at 0x746f99f87170>, main=<bound method BuildVerb.main of <colcon_core.verb.build.BuildVerb object at 0x746f99f87170>>)
[0.795s] Level 1:colcon.colcon_core.package_discovery:discover_packages(colcon_meta) check parameters
[0.795s] Level 1:colcon.colcon_core.package_discovery:discover_packages(recursive) check parameters
[0.795s] Level 1:colcon.colcon_core.package_discovery:discover_packages(ignore) check parameters
[0.795s] Level 1:colcon.colcon_core.package_discovery:discover_packages(path) check parameters
[0.795s] Level 1:colcon.colcon_core.package_discovery:discover_packages(colcon_meta) discover
[0.796s] Level 1:colcon.colcon_core.package_discovery:discover_packages(recursive) discover
[0.796s] INFO:colcon.colcon_core.package_discovery:Crawling recursively for packages in '/home/lillehavard/Desktop/pca9685_ros2_control'
[0.796s] Level 1:colcon.colcon_core.package_identification:_identify(.) by extensions ['ignore', 'ignore_ament_install']
[0.796s] Level 1:colcon.colcon_core.package_identification:_identify(.) by extension 'ignore'
[0.797s] Level 1:colcon.colcon_core.package_identification:_identify(.) by extension 'ignore_ament_install'
[0.797s] Level 1:colcon.colcon_core.package_identification:_identify(.) by extensions ['colcon_pkg']
[0.797s] Level 1:colcon.colcon_core.package_identification:_identify(.) by extension 'colcon_pkg'
[0.797s] Level 1:colcon.colcon_core.package_identification:_identify(.) by extensions ['colcon_meta']
[0.797s] Level 1:colcon.colcon_core.package_identification:_identify(.) by extension 'colcon_meta'
[0.797s] Level 1:colcon.colcon_core.package_identification:_identify(.) by extensions ['ros']
[0.797s] Level 1:colcon.colcon_core.package_identification:_identify(.) by extension 'ros'
[0.885s] Level 1:colcon.colcon_core.package_identification:_identify(.) by extensions ['cmake', 'python']
[0.885s] Level 1:colcon.colcon_core.package_identification:_identify(.) by extension 'cmake'
[0.885s] Level 1:colcon.colcon_core.package_identification:_identify(.) by extension 'python'
[0.886s] Level 1:colcon.colcon_core.package_identification:_identify(.) by extensions ['python_setup_py']
[0.886s] Level 1:colcon.colcon_core.package_identification:_identify(.) by extension 'python_setup_py'
[0.886s] Level 1:colcon.colcon_core.package_identification:_identify(build) by extensions ['ignore', 'ignore_ament_install']
[0.886s] Level 1:colcon.colcon_core.package_identification:_identify(build) by extension 'ignore'
[0.886s] Level 1:colcon.colcon_core.package_identification:_identify(build) ignored
[0.887s] Level 1:colcon.colcon_core.package_identification:_identify(install) by extensions ['ignore', 'ignore_ament_install']
[0.887s] Level 1:colcon.colcon_core.package_identification:_identify(install) by extension 'ignore'
[0.887s] Level 1:colcon.colcon_core.package_identification:_identify(install) ignored
[0.887s] Level 1:colcon.colcon_core.package_identification:_identify(log) by extensions ['ignore', 'ignore_ament_install']
[0.888s] Level 1:colcon.colcon_core.package_identification:_identify(log) by extension 'ignore'
[0.888s] Level 1:colcon.colcon_core.package_identification:_identify(log) ignored
[0.888s] Level 1:colcon.colcon_core.package_identification:_identify(pca9685_hardware_interface) by extensions ['ignore', 'ignore_ament_install']
[0.888s] Level 1:colcon.colcon_core.package_identification:_identify(pca9685_hardware_interface) by extension 'ignore'
[0.888s] Level 1:colcon.colcon_core.package_identification:_identify(pca9685_hardware_interface) by extension 'ignore_ament_install'
[0.888s] Level 1:colcon.colcon_core.package_identification:_identify(pca9685_hardware_interface) by extensions ['colcon_pkg']
[0.889s] Level 1:colcon.colcon_core.package_identification:_identify(pca9685_hardware_interface) by extension 'colcon_pkg'
[0.889s] Level 1:colcon.colcon_core.package_identification:_identify(pca9685_hardware_interface) by extensions ['colcon_meta']
[0.889s] Level 1:colcon.colcon_core.package_identification:_identify(pca9685_hardware_interface) by extension 'colcon_meta'
[0.889s] Level 1:colcon.colcon_core.package_identification:_identify(pca9685_hardware_interface) by extensions ['ros']
[0.889s] Level 1:colcon.colcon_core.package_identification:_identify(pca9685_hardware_interface) by extension 'ros'
[0.897s] DEBUG:colcon.colcon_core.package_identification:Package 'pca9685_hardware_interface' with type 'ros.ament_cmake' and name 'pca9685_hardware_interface'
[0.897s] Level 1:colcon.colcon_core.package_discovery:discover_packages(recursive) using defaults
[0.897s] Level 1:colcon.colcon_core.package_discovery:discover_packages(ignore) discover
[0.898s] Level 1:colcon.colcon_core.package_discovery:discover_packages(ignore) using defaults
[0.898s] Level 1:colcon.colcon_core.package_discovery:discover_packages(path) discover
[0.898s] Level 1:colcon.colcon_core.package_discovery:discover_packages(path) using defaults
[0.965s] Level 1:colcon.colcon_core.package_discovery:discover_packages(prefix_path) check parameters
[0.965s] Level 1:colcon.colcon_core.package_discovery:discover_packages(prefix_path) discover
[0.983s] DEBUG:colcon.colcon_installed_package_information.package_discovery:Found 429 installed packages in /opt/ros/jazzy
[0.988s] Level 1:colcon.colcon_core.package_discovery:discover_packages(prefix_path) using defaults
[1.141s] Level 5:colcon.colcon_core.verb:set package 'pca9685_hardware_interface' build argument 'cmake_args' from command line to 'None'
[1.141s] Level 5:colcon.colcon_core.verb:set package 'pca9685_hardware_interface' build argument 'cmake_target' from command line to 'None'
[1.141s] Level 5:colcon.colcon_core.verb:set package 'pca9685_hardware_interface' build argument 'cmake_target_skip_unavailable' from command line to 'False'
[1.141s] Level 5:colcon.colcon_core.verb:set package 'pca9685_hardware_interface' build argument 'cmake_clean_cache' from command line to 'False'
[1.141s] Level 5:colcon.colcon_core.verb:set package 'pca9685_hardware_interface' build argument 'cmake_clean_first' from command line to 'False'
[1.141s] Level 5:colcon.colcon_core.verb:set package 'pca9685_hardware_interface' build argument 'cmake_force_configure' from command line to 'False'
[1.141s] Level 5:colcon.colcon_core.verb:set package 'pca9685_hardware_interface' build argument 'ament_cmake_args' from command line to 'None'
[1.141s] Level 5:colcon.colcon_core.verb:set package 'pca9685_hardware_interface' build argument 'catkin_cmake_args' from command line to 'None'
[1.141s] Level 5:colcon.colcon_core.verb:set package 'pca9685_hardware_interface' build argument 'catkin_skip_building_tests' from command line to 'False'
[1.141s] DEBUG:colcon.colcon_core.verb:Building package 'pca9685_hardware_interface' with the following arguments: {'ament_cmake_args': None, 'build_base': '/home/lillehavard/Desktop/pca9685_ros2_control/build/pca9685_hardware_interface', 'catkin_cmake_args': None, 'catkin_skip_building_tests': False, 'cmake_args': None, 'cmake_clean_cache': False, 'cmake_clean_first': False, 'cmake_force_configure': False, 'cmake_target': None, 'cmake_target_skip_unavailable': False, 'install_base': '/home/lillehavard/Desktop/pca9685_ros2_control/install/pca9685_hardware_interface', 'merge_install': False, 'path': '/home/lillehavard/Desktop/pca9685_ros2_control/pca9685_hardware_interface', 'symlink_install': False, 'test_result_base': None}
[1.142s] INFO:colcon.colcon_core.executor:Executing jobs using 'parallel' executor
[1.144s] DEBUG:colcon.colcon_parallel_executor.executor.parallel:run_until_complete
[1.145s] INFO:colcon.colcon_ros.task.ament_cmake.build:Building ROS package in '/home/lillehavard/Desktop/pca9685_ros2_control/pca9685_hardware_interface' with build type 'ament_cmake'
[1.145s] INFO:colcon.colcon_cmake.task.cmake.build:Building CMake package in '/home/lillehavard/Desktop/pca9685_ros2_control/pca9685_hardware_interface'
[1.156s] INFO:colcon.colcon_core.plugin_system:Skipping extension 'colcon_core.shell.bat': Not used on non-Windows systems
[1.156s] INFO:colcon.colcon_core.shell:Skip shell extension 'powershell' for command environment: Not usable outside of PowerShell
[1.156s] DEBUG:colcon.colcon_core.shell:Skip shell extension 'dsv' for command environment
[1.179s] DEBUG:colcon.colcon_core.event_handler.log_command:Invoking command in '/home/lillehavard/Desktop/pca9685_ros2_control/build/pca9685_hardware_interface': CMAKE_PREFIX_PATH=${CMAKE_PREFIX_PATH}:/opt/ros/jazzy /usr/bin/cmake /home/lillehavard/Desktop/pca9685_ros2_control/pca9685_hardware_interface -DCMAKE_INSTALL_PREFIX=/home/lillehavard/Desktop/pca9685_ros2_control/install/pca9685_hardware_interface
[6.173s] DEBUG:colcon.colcon_core.event_handler.log_command:Invoked command in '/home/lillehavard/Desktop/pca9685_ros2_control/build/pca9685_hardware_interface' returned '0': CMAKE_PREFIX_PATH=${CMAKE_PREFIX_PATH}:/opt/ros/jazzy /usr/bin/cmake /home/lillehavard/Desktop/pca9685_ros2_control/pca9685_hardware_interface -DCMAKE_INSTALL_PREFIX=/home/lillehavard/Desktop/pca9685_ros2_control/install/pca9685_hardware_interface
[6.176s] DEBUG:colcon.colcon_core.event_handler.log_command:Invoking command in '/home/lillehavard/Desktop/pca9685_ros2_control/build/pca9685_hardware_interface': CMAKE_PREFIX_PATH=${CMAKE_PREFIX_PATH}:/opt/ros/jazzy /usr/bin/cmake --build /home/lillehavard/Desktop/pca9685_ros2_control/build/pca9685_hardware_interface -- -j16 -l16
[11.376s] DEBUG:colcon.colcon_core.event_handler.log_command:Invoked command in '/home/lillehavard/Desktop/pca9685_ros2_control/build/pca9685_hardware_interface' returned '2': CMAKE_PREFIX_PATH=${CMAKE_PREFIX_PATH}:/opt/ros/jazzy /usr/bin/cmake --build /home/lillehavard/Desktop/pca9685_ros2_control/build/pca9685_hardware_interface -- -j16 -l16
[11.376s] Level 1:colcon.colcon_core.environment:create_environment_scripts_only(pca9685_hardware_interface)
[11.383s] Level 1:colcon.colcon_core.environment:checking '/home/lillehavard/Desktop/pca9685_ros2_control/install/pca9685_hardware_interface' for CMake module files
[11.383s] Level 1:colcon.colcon_core.environment:checking '/home/lillehavard/Desktop/pca9685_ros2_control/install/pca9685_hardware_interface' for CMake config files
[11.383s] Level 1:colcon.colcon_core.environment:checking '/home/lillehavard/Desktop/pca9685_ros2_control/install/pca9685_hardware_interface/bin'
[11.383s] Level 1:colcon.colcon_core.environment:checking '/home/lillehavard/Desktop/pca9685_ros2_control/install/pca9685_hardware_interface/lib/pkgconfig/pca9685_hardware_interface.pc'
[11.384s] Level 1:colcon.colcon_core.environment:checking '/home/lillehavard/Desktop/pca9685_ros2_control/install/pca9685_hardware_interface/lib/python3.12/site-packages'
[11.384s] Level 1:colcon.colcon_core.environment:checking '/home/lillehavard/Desktop/pca9685_ros2_control/install/pca9685_hardware_interface/bin'
[11.384s] INFO:colcon.colcon_core.shell:Creating package script '/home/lillehavard/Desktop/pca9685_ros2_control/install/pca9685_hardware_interface/share/pca9685_hardware_interface/package.ps1'
[11.385s] INFO:colcon.colcon_core.shell:Creating package descriptor '/home/lillehavard/Desktop/pca9685_ros2_control/install/pca9685_hardware_interface/share/pca9685_hardware_interface/package.dsv'
[11.386s] INFO:colcon.colcon_core.shell:Creating package script '/home/lillehavard/Desktop/pca9685_ros2_control/install/pca9685_hardware_interface/share/pca9685_hardware_interface/package.sh'
[11.387s] INFO:colcon.colcon_core.shell:Creating package script '/home/lillehavard/Desktop/pca9685_ros2_control/install/pca9685_hardware_interface/share/pca9685_hardware_interface/package.bash'
[11.387s] INFO:colcon.colcon_core.shell:Creating package script '/home/lillehavard/Desktop/pca9685_ros2_control/install/pca9685_hardware_interface/share/pca9685_hardware_interface/package.zsh'
[11.389s] Level 1:colcon.colcon_core.environment:create_file_with_runtime_dependencies(/home/lillehavard/Desktop/pca9685_ros2_control/install/pca9685_hardware_interface/share/colcon-core/packages/pca9685_hardware_interface)
[11.399s] DEBUG:colcon.colcon_parallel_executor.executor.parallel:closing loop
[11.400s] DEBUG:colcon.colcon_parallel_executor.executor.parallel:loop closed
[11.400s] DEBUG:colcon.colcon_parallel_executor.executor.parallel:run_until_complete finished with '2'
[11.400s] DEBUG:colcon.colcon_core.event_reactor:joining thread
[11.412s] INFO:colcon.colcon_core.plugin_system:Skipping extension 'colcon_notification.desktop_notification.terminal_notifier': Not used on non-Darwin systems
[11.412s] INFO:colcon.colcon_core.plugin_system:Skipping extension 'colcon_notification.desktop_notification.win32': Not used on non-Windows systems
[11.412s] INFO:colcon.colcon_notification.desktop_notification:Sending desktop notification using 'notify2'
[11.416s] DEBUG:colcon.colcon_core.event_reactor:joined thread
[11.417s] INFO:colcon.colcon_core.shell:Creating prefix script '/home/lillehavard/Desktop/pca9685_ros2_control/install/local_setup.ps1'
[11.418s] INFO:colcon.colcon_core.shell:Creating prefix util module '/home/lillehavard/Desktop/pca9685_ros2_control/install/_local_setup_util_ps1.py'
[11.420s] INFO:colcon.colcon_core.shell:Creating prefix chain script '/home/lillehavard/Desktop/pca9685_ros2_control/install/setup.ps1'
[11.422s] INFO:colcon.colcon_core.shell:Creating prefix script '/home/lillehavard/Desktop/pca9685_ros2_control/install/local_setup.sh'
[11.423s] INFO:colcon.colcon_core.shell:Creating prefix util module '/home/lillehavard/Desktop/pca9685_ros2_control/install/_local_setup_util_sh.py'
[11.423s] INFO:colcon.colcon_core.shell:Creating prefix chain script '/home/lillehavard/Desktop/pca9685_ros2_control/install/setup.sh'
[11.425s] INFO:colcon.colcon_core.shell:Creating prefix script '/home/lillehavard/Desktop/pca9685_ros2_control/install/local_setup.bash'
[11.426s] INFO:colcon.colcon_core.shell:Creating prefix chain script '/home/lillehavard/Desktop/pca9685_ros2_control/install/setup.bash'
[11.427s] INFO:colcon.colcon_core.shell:Creating prefix script '/home/lillehavard/Desktop/pca9685_ros2_control/install/local_setup.zsh'
[11.428s] INFO:colcon.colcon_core.shell:Creating prefix chain script '/home/lillehavard/Desktop/pca9685_ros2_control/install/setup.zsh'
