[ 25%] [32mBuilding CXX object CMakeFiles/pca9685_hardware_interface.dir/src/pca9685_system.cpp.o[0m
[ 50%] [32m[1mLinking CXX shared library libpca9685_hardware_interface.so[0m
[100%] Built target pca9685_hardware_interface
-- Install configuration: ""
-- Up-to-date: /home/lillehavard/Desktop/pca9685_ros2_control/install/pca9685_hardware_interface/share/pca9685_hardware_interface/pca9685_hardware_interface.xml
-- Up-to-date: /home/lillehavard/Desktop/pca9685_ros2_control/install/pca9685_hardware_interface/include/pca9685_hardware_interface
-- Up-to-date: /home/lillehavard/Desktop/pca9685_ros2_control/install/pca9685_hardware_interface/include/pca9685_hardware_interface/pca9685_hardware_interface
-- Up-to-date: /home/lillehavard/Desktop/pca9685_ros2_control/install/pca9685_hardware_interface/include/pca9685_hardware_interface/pca9685_hardware_interface/visibility_control.h
-- Up-to-date: /home/lillehavard/Desktop/pca9685_ros2_control/install/pca9685_hardware_interface/include/pca9685_hardware_interface/pca9685_hardware_interface/Constants.h
-- Installing: /home/lillehavard/Desktop/pca9685_ros2_control/install/pca9685_hardware_interface/include/pca9685_hardware_interface/pca9685_hardware_interface/pca9685_system.hpp
-- Up-to-date: /home/lillehavard/Desktop/pca9685_ros2_control/install/pca9685_hardware_interface/include/pca9685_hardware_interface/pca9685_hardware_interface/I2CPeripheral.h
-- Up-to-date: /home/lillehavard/Desktop/pca9685_ros2_control/install/pca9685_hardware_interface/include/pca9685_hardware_interface/pca9685_hardware_interface/pca9685_comm.h
-- Installing: /home/lillehavard/Desktop/pca9685_ros2_control/install/pca9685_hardware_interface/lib/libpca9685_hardware_interface.so
-- Set non-toolchain portion of runtime path of "/home/lillehavard/Desktop/pca9685_ros2_control/install/pca9685_hardware_interface/lib/libpca9685_hardware_interface.so" to ""
-- Up-to-date: /home/lillehavard/Desktop/pca9685_ros2_control/install/pca9685_hardware_interface/share/pca9685_hardware_interface/environment/library_path.sh
-- Up-to-date: /home/lillehavard/Desktop/pca9685_ros2_control/install/pca9685_hardware_interface/share/pca9685_hardware_interface/environment/library_path.dsv
-- Up-to-date: /home/lillehavard/Desktop/pca9685_ros2_control/install/pca9685_hardware_interface/share/ament_index/resource_index/package_run_dependencies/pca9685_hardware_interface
-- Up-to-date: /home/lillehavard/Desktop/pca9685_ros2_control/install/pca9685_hardware_interface/share/ament_index/resource_index/parent_prefix_path/pca9685_hardware_interface
-- Up-to-date: /home/lillehavard/Desktop/pca9685_ros2_control/install/pca9685_hardware_interface/share/pca9685_hardware_interface/environment/ament_prefix_path.sh
-- Up-to-date: /home/lillehavard/Desktop/pca9685_ros2_control/install/pca9685_hardware_interface/share/pca9685_hardware_interface/environment/ament_prefix_path.dsv
-- Up-to-date: /home/lillehavard/Desktop/pca9685_ros2_control/install/pca9685_hardware_interface/share/pca9685_hardware_interface/environment/path.sh
-- Up-to-date: /home/lillehavard/Desktop/pca9685_ros2_control/install/pca9685_hardware_interface/share/pca9685_hardware_interface/environment/path.dsv
-- Up-to-date: /home/lillehavard/Desktop/pca9685_ros2_control/install/pca9685_hardware_interface/share/pca9685_hardware_interface/local_setup.bash
-- Up-to-date: /home/lillehavard/Desktop/pca9685_ros2_control/install/pca9685_hardware_interface/share/pca9685_hardware_interface/local_setup.sh
-- Up-to-date: /home/lillehavard/Desktop/pca9685_ros2_control/install/pca9685_hardware_interface/share/pca9685_hardware_interface/local_setup.zsh
-- Up-to-date: /home/lillehavard/Desktop/pca9685_ros2_control/install/pca9685_hardware_interface/share/pca9685_hardware_interface/local_setup.dsv
-- Installing: /home/lillehavard/Desktop/pca9685_ros2_control/install/pca9685_hardware_interface/share/pca9685_hardware_interface/package.dsv
-- Up-to-date: /home/lillehavard/Desktop/pca9685_ros2_control/install/pca9685_hardware_interface/share/ament_index/resource_index/packages/pca9685_hardware_interface
-- Up-to-date: /home/lillehavard/Desktop/pca9685_ros2_control/install/pca9685_hardware_interface/share/ament_index/resource_index/hardware_interface__pluginlib__plugin/pca9685_hardware_interface
-- Up-to-date: /home/lillehavard/Desktop/pca9685_ros2_control/install/pca9685_hardware_interface/share/pca9685_hardware_interface/cmake/export_pca9685_hardware_interfaceExport.cmake
-- Up-to-date: /home/lillehavard/Desktop/pca9685_ros2_control/install/pca9685_hardware_interface/share/pca9685_hardware_interface/cmake/export_pca9685_hardware_interfaceExport-noconfig.cmake
-- Up-to-date: /home/lillehavard/Desktop/pca9685_ros2_control/install/pca9685_hardware_interface/share/pca9685_hardware_interface/cmake/ament_cmake_export_targets-extras.cmake
-- Up-to-date: /home/lillehavard/Desktop/pca9685_ros2_control/install/pca9685_hardware_interface/share/pca9685_hardware_interface/cmake/ament_cmake_export_dependencies-extras.cmake
-- Up-to-date: /home/lillehavard/Desktop/pca9685_ros2_control/install/pca9685_hardware_interface/share/pca9685_hardware_interface/cmake/pca9685_hardware_interfaceConfig.cmake
-- Up-to-date: /home/lillehavard/Desktop/pca9685_ros2_control/install/pca9685_hardware_interface/share/pca9685_hardware_interface/cmake/pca9685_hardware_interfaceConfig-version.cmake
-- Up-to-date: /home/lillehavard/Desktop/pca9685_ros2_control/install/pca9685_hardware_interface/share/pca9685_hardware_interface/package.xml
