[0.033s] Invoking command in '/home/lillehavard/Desktop/pca9685_ros2_control/build/pca9685_hardware_interface': CMAKE_PREFIX_PATH=${CMAKE_PREFIX_PATH}:/opt/ros/jazzy /usr/bin/cmake --build /home/lillehavard/Desktop/pca9685_ros2_control/build/pca9685_hardware_interface -- -j16 -l16
[0.386s] [ 25%] [32mBuilding CXX object CMakeFiles/pca9685_hardware_interface.dir/src/pca9685_system.cpp.o[0m
[8.246s] [ 50%] [32m[1mLinking CXX shared library libpca9685_hardware_interface.so[0m
[8.611s] [100%] Built target pca9685_hardware_interface
[8.627s] Invoked command in '/home/lillehavard/Desktop/pca9685_ros2_control/build/pca9685_hardware_interface' returned '0': CMAKE_PREFIX_PATH=${CMAKE_PREFIX_PATH}:/opt/ros/jazzy /usr/bin/cmake --build /home/lillehavard/Desktop/pca9685_ros2_control/build/pca9685_hardware_interface -- -j16 -l16
[8.645s] Invoking command in '/home/lillehavard/Desktop/pca9685_ros2_control/build/pca9685_hardware_interface': CMAKE_PREFIX_PATH=${CMAKE_PREFIX_PATH}:/opt/ros/jazzy /usr/bin/cmake --install /home/lillehavard/Desktop/pca9685_ros2_control/build/pca9685_hardware_interface
[8.658s] -- Install configuration: ""
[8.659s] -- Up-to-date: /home/lillehavard/Desktop/pca9685_ros2_control/install/pca9685_hardware_interface/share/pca9685_hardware_interface/pca9685_hardware_interface.xml
[8.659s] -- Up-to-date: /home/lillehavard/Desktop/pca9685_ros2_control/install/pca9685_hardware_interface/include/pca9685_hardware_interface
[8.659s] -- Up-to-date: /home/lillehavard/Desktop/pca9685_ros2_control/install/pca9685_hardware_interface/include/pca9685_hardware_interface/pca9685_hardware_interface
[8.659s] -- Up-to-date: /home/lillehavard/Desktop/pca9685_ros2_control/install/pca9685_hardware_interface/include/pca9685_hardware_interface/pca9685_hardware_interface/visibility_control.h
[8.659s] -- Up-to-date: /home/lillehavard/Desktop/pca9685_ros2_control/install/pca9685_hardware_interface/include/pca9685_hardware_interface/pca9685_hardware_interface/Constants.h
[8.659s] -- Installing: /home/lillehavard/Desktop/pca9685_ros2_control/install/pca9685_hardware_interface/include/pca9685_hardware_interface/pca9685_hardware_interface/pca9685_system.hpp
[8.659s] -- Up-to-date: /home/lillehavard/Desktop/pca9685_ros2_control/install/pca9685_hardware_interface/include/pca9685_hardware_interface/pca9685_hardware_interface/I2CPeripheral.h
[8.660s] -- Up-to-date: /home/lillehavard/Desktop/pca9685_ros2_control/install/pca9685_hardware_interface/include/pca9685_hardware_interface/pca9685_hardware_interface/pca9685_comm.h
[8.660s] -- Installing: /home/lillehavard/Desktop/pca9685_ros2_control/install/pca9685_hardware_interface/lib/libpca9685_hardware_interface.so
[8.663s] -- Set non-toolchain portion of runtime path of "/home/lillehavard/Desktop/pca9685_ros2_control/install/pca9685_hardware_interface/lib/libpca9685_hardware_interface.so" to ""
[8.663s] -- Up-to-date: /home/lillehavard/Desktop/pca9685_ros2_control/install/pca9685_hardware_interface/share/pca9685_hardware_interface/environment/library_path.sh
[8.663s] -- Up-to-date: /home/lillehavard/Desktop/pca9685_ros2_control/install/pca9685_hardware_interface/share/pca9685_hardware_interface/environment/library_path.dsv
[8.663s] -- Up-to-date: /home/lillehavard/Desktop/pca9685_ros2_control/install/pca9685_hardware_interface/share/ament_index/resource_index/package_run_dependencies/pca9685_hardware_interface
[8.663s] -- Up-to-date: /home/lillehavard/Desktop/pca9685_ros2_control/install/pca9685_hardware_interface/share/ament_index/resource_index/parent_prefix_path/pca9685_hardware_interface
[8.663s] -- Up-to-date: /home/lillehavard/Desktop/pca9685_ros2_control/install/pca9685_hardware_interface/share/pca9685_hardware_interface/environment/ament_prefix_path.sh
[8.663s] -- Up-to-date: /home/lillehavard/Desktop/pca9685_ros2_control/install/pca9685_hardware_interface/share/pca9685_hardware_interface/environment/ament_prefix_path.dsv
[8.663s] -- Up-to-date: /home/lillehavard/Desktop/pca9685_ros2_control/install/pca9685_hardware_interface/share/pca9685_hardware_interface/environment/path.sh
[8.663s] -- Up-to-date: /home/lillehavard/Desktop/pca9685_ros2_control/install/pca9685_hardware_interface/share/pca9685_hardware_interface/environment/path.dsv
[8.664s] -- Up-to-date: /home/lillehavard/Desktop/pca9685_ros2_control/install/pca9685_hardware_interface/share/pca9685_hardware_interface/local_setup.bash
[8.664s] -- Up-to-date: /home/lillehavard/Desktop/pca9685_ros2_control/install/pca9685_hardware_interface/share/pca9685_hardware_interface/local_setup.sh
[8.664s] -- Up-to-date: /home/lillehavard/Desktop/pca9685_ros2_control/install/pca9685_hardware_interface/share/pca9685_hardware_interface/local_setup.zsh
[8.664s] -- Up-to-date: /home/lillehavard/Desktop/pca9685_ros2_control/install/pca9685_hardware_interface/share/pca9685_hardware_interface/local_setup.dsv
[8.664s] -- Installing: /home/lillehavard/Desktop/pca9685_ros2_control/install/pca9685_hardware_interface/share/pca9685_hardware_interface/package.dsv
[8.664s] -- Up-to-date: /home/lillehavard/Desktop/pca9685_ros2_control/install/pca9685_hardware_interface/share/ament_index/resource_index/packages/pca9685_hardware_interface
[8.664s] -- Up-to-date: /home/lillehavard/Desktop/pca9685_ros2_control/install/pca9685_hardware_interface/share/ament_index/resource_index/hardware_interface__pluginlib__plugin/pca9685_hardware_interface
[8.664s] -- Up-to-date: /home/lillehavard/Desktop/pca9685_ros2_control/install/pca9685_hardware_interface/share/pca9685_hardware_interface/cmake/export_pca9685_hardware_interfaceExport.cmake
[8.665s] -- Up-to-date: /home/lillehavard/Desktop/pca9685_ros2_control/install/pca9685_hardware_interface/share/pca9685_hardware_interface/cmake/export_pca9685_hardware_interfaceExport-noconfig.cmake
[8.665s] -- Up-to-date: /home/lillehavard/Desktop/pca9685_ros2_control/install/pca9685_hardware_interface/share/pca9685_hardware_interface/cmake/ament_cmake_export_targets-extras.cmake
[8.665s] -- Up-to-date: /home/lillehavard/Desktop/pca9685_ros2_control/install/pca9685_hardware_interface/share/pca9685_hardware_interface/cmake/ament_cmake_export_dependencies-extras.cmake
[8.665s] -- Up-to-date: /home/lillehavard/Desktop/pca9685_ros2_control/install/pca9685_hardware_interface/share/pca9685_hardware_interface/cmake/pca9685_hardware_interfaceConfig.cmake
[8.665s] -- Up-to-date: /home/lillehavard/Desktop/pca9685_ros2_control/install/pca9685_hardware_interface/share/pca9685_hardware_interface/cmake/pca9685_hardware_interfaceConfig-version.cmake
[8.665s] -- Up-to-date: /home/lillehavard/Desktop/pca9685_ros2_control/install/pca9685_hardware_interface/share/pca9685_hardware_interface/package.xml
[8.668s] Invoked command in '/home/lillehavard/Desktop/pca9685_ros2_control/build/pca9685_hardware_interface' returned '0': CMAKE_PREFIX_PATH=${CMAKE_PREFIX_PATH}:/opt/ros/jazzy /usr/bin/cmake --install /home/lillehavard/Desktop/pca9685_ros2_control/build/pca9685_hardware_interface
